<?xml version="1.0" encoding="UTF-8"?>
<coverage generated="1716081619317" clover="3.2.0">
  <project timestamp="1716081619317" name="All files">
    <metrics statements="224" coveredstatements="224" conditionals="41" coveredconditionals="39" methods="13" coveredmethods="13" elements="278" coveredelements="276" complexity="0" loc="224" ncloc="224" packages="1" files="3" classes="3"/>
    <file name="context.ts" path="/home/hayden/code/hayden/seal/packages/core/src/context.ts">
      <metrics statements="95" coveredstatements="95" conditionals="21" coveredconditionals="21" methods="8" coveredmethods="8"/>
      <line num="1" count="1" type="stmt"/>
      <line num="2" count="1" type="stmt"/>
      <line num="3" count="1" type="stmt"/>
      <line num="4" count="1" type="stmt"/>
      <line num="5" count="1" type="stmt"/>
      <line num="6" count="1" type="stmt"/>
      <line num="7" count="1" type="stmt"/>
      <line num="8" count="1" type="stmt"/>
      <line num="9" count="1" type="stmt"/>
      <line num="10" count="1" type="stmt"/>
      <line num="11" count="1" type="stmt"/>
      <line num="12" count="1" type="stmt"/>
      <line num="13" count="1" type="stmt"/>
      <line num="14" count="1" type="cond" truecount="1" falsecount="0"/>
      <line num="15" count="18" type="stmt"/>
      <line num="16" count="18" type="stmt"/>
      <line num="17" count="18" type="stmt"/>
      <line num="18" count="18" type="stmt"/>
      <line num="19" count="18" type="stmt"/>
      <line num="20" count="18" type="stmt"/>
      <line num="21" count="18" type="stmt"/>
      <line num="22" count="18" type="stmt"/>
      <line num="23" count="18" type="stmt"/>
      <line num="24" count="18" type="stmt"/>
      <line num="25" count="18" type="stmt"/>
      <line num="26" count="18" type="stmt"/>
      <line num="27" count="18" type="cond" truecount="1" falsecount="0"/>
      <line num="28" count="18" type="stmt"/>
      <line num="29" count="18" type="stmt"/>
      <line num="30" count="18" type="cond" truecount="1" falsecount="0"/>
      <line num="31" count="18" type="cond" truecount="2" falsecount="0"/>
      <line num="32" count="18" type="stmt"/>
      <line num="33" count="18" type="stmt"/>
      <line num="34" count="18" type="cond" truecount="1" falsecount="0"/>
      <line num="35" count="8" type="stmt"/>
      <line num="36" count="8" type="stmt"/>
      <line num="37" count="8" type="stmt"/>
      <line num="38" count="8" type="stmt"/>
      <line num="39" count="8" type="cond" truecount="2" falsecount="0"/>
      <line num="40" count="1" type="stmt"/>
      <line num="41" count="1" type="stmt"/>
      <line num="42" count="1" type="stmt"/>
      <line num="43" count="1" type="stmt"/>
      <line num="44" count="8" type="stmt"/>
      <line num="45" count="8" type="stmt"/>
      <line num="46" count="18" type="stmt"/>
      <line num="47" count="18" type="cond" truecount="1" falsecount="0"/>
      <line num="48" count="1" type="stmt"/>
      <line num="49" count="1" type="stmt"/>
      <line num="50" count="18" type="stmt"/>
      <line num="51" count="18" type="stmt"/>
      <line num="52" count="18" type="stmt"/>
      <line num="53" count="18" type="cond" truecount="1" falsecount="0"/>
      <line num="54" count="30" type="stmt"/>
      <line num="55" count="30" type="cond" truecount="3" falsecount="0"/>
      <line num="56" count="8" type="stmt"/>
      <line num="57" count="9" type="cond" truecount="1" falsecount="0"/>
      <line num="58" count="6" type="stmt"/>
      <line num="59" count="6" type="stmt"/>
      <line num="60" count="6" type="stmt"/>
      <line num="61" count="6" type="cond" truecount="1" falsecount="0"/>
      <line num="62" count="2" type="stmt"/>
      <line num="63" count="2" type="stmt"/>
      <line num="64" count="2" type="stmt"/>
      <line num="65" count="2" type="stmt"/>
      <line num="66" count="2" type="stmt"/>
      <line num="67" count="2" type="stmt"/>
      <line num="68" count="30" type="stmt"/>
      <line num="69" count="18" type="stmt"/>
      <line num="70" count="18" type="cond" truecount="1" falsecount="0"/>
      <line num="71" count="28" type="cond" truecount="1" falsecount="0"/>
      <line num="72" count="28" type="stmt"/>
      <line num="73" count="28" type="stmt"/>
      <line num="74" count="28" type="stmt"/>
      <line num="75" count="18" type="stmt"/>
      <line num="76" count="18" type="cond" truecount="1" falsecount="0"/>
      <line num="77" count="1" type="stmt"/>
      <line num="78" count="1" type="stmt"/>
      <line num="79" count="1" type="stmt"/>
      <line num="80" count="1" type="stmt"/>
      <line num="81" count="1" type="stmt"/>
      <line num="82" count="1" type="stmt"/>
      <line num="83" count="18" type="stmt"/>
      <line num="84" count="18" type="cond" truecount="1" falsecount="0"/>
      <line num="85" count="3" type="stmt"/>
      <line num="86" count="3" type="stmt"/>
      <line num="87" count="3" type="stmt"/>
      <line num="88" count="3" type="cond" truecount="1" falsecount="0"/>
      <line num="89" count="3" type="stmt"/>
      <line num="90" count="3" type="cond" truecount="1" falsecount="0"/>
      <line num="91" count="1" type="stmt"/>
      <line num="92" count="1" type="stmt"/>
      <line num="93" count="3" type="stmt"/>
      <line num="94" count="3" type="stmt"/>
      <line num="95" count="18" type="stmt"/>
    </file>
    <file name="i18n.ts" path="/home/hayden/code/hayden/seal/packages/core/src/i18n.ts">
      <metrics statements="33" coveredstatements="33" conditionals="2" coveredconditionals="2" methods="1" coveredmethods="1"/>
      <line num="1" count="1" type="stmt"/>
      <line num="2" count="1" type="stmt"/>
      <line num="3" count="1" type="stmt"/>
      <line num="4" count="1" type="stmt"/>
      <line num="5" count="1" type="stmt"/>
      <line num="6" count="1" type="stmt"/>
      <line num="7" count="1" type="stmt"/>
      <line num="8" count="1" type="stmt"/>
      <line num="9" count="1" type="stmt"/>
      <line num="10" count="1" type="stmt"/>
      <line num="11" count="1" type="stmt"/>
      <line num="12" count="1" type="stmt"/>
      <line num="13" count="1" type="stmt"/>
      <line num="14" count="1" type="stmt"/>
      <line num="15" count="1" type="stmt"/>
      <line num="16" count="1" type="stmt"/>
      <line num="17" count="1" type="stmt"/>
      <line num="18" count="1" type="stmt"/>
      <line num="19" count="1" type="stmt"/>
      <line num="20" count="1" type="stmt"/>
      <line num="21" count="1" type="stmt"/>
      <line num="22" count="1" type="stmt"/>
      <line num="23" count="1" type="stmt"/>
      <line num="24" count="1" type="stmt"/>
      <line num="25" count="1" type="stmt"/>
      <line num="26" count="1" type="cond" truecount="1" falsecount="0"/>
      <line num="27" count="6" type="cond" truecount="1" falsecount="0"/>
      <line num="28" count="6" type="stmt"/>
      <line num="29" count="6" type="stmt"/>
      <line num="30" count="6" type="stmt"/>
      <line num="31" count="6" type="stmt"/>
      <line num="32" count="6" type="stmt"/>
      <line num="33" count="6" type="stmt"/>
    </file>
    <file name="index.ts" path="/home/hayden/code/hayden/seal/packages/core/src/index.ts">
      <metrics statements="96" coveredstatements="96" conditionals="18" coveredconditionals="16" methods="4" coveredmethods="4"/>
      <line num="1" count="1" type="stmt"/>
      <line num="2" count="1" type="stmt"/>
      <line num="3" count="1" type="stmt"/>
      <line num="4" count="1" type="stmt"/>
      <line num="5" count="1" type="stmt"/>
      <line num="6" count="1" type="stmt"/>
      <line num="7" count="1" type="stmt"/>
      <line num="8" count="1" type="stmt"/>
      <line num="9" count="1" type="stmt"/>
      <line num="10" count="1" type="stmt"/>
      <line num="11" count="1" type="stmt"/>
      <line num="12" count="1" type="stmt"/>
      <line num="13" count="1" type="stmt"/>
      <line num="14" count="1" type="stmt"/>
      <line num="15" count="1" type="stmt"/>
      <line num="16" count="1" type="stmt"/>
      <line num="17" count="1" type="stmt"/>
      <line num="18" count="1" type="stmt"/>
      <line num="19" count="1" type="cond" truecount="1" falsecount="0"/>
      <line num="20" count="1" type="stmt"/>
      <line num="21" count="1" type="stmt"/>
      <line num="22" count="1" type="stmt"/>
      <line num="23" count="1" type="stmt"/>
      <line num="24" count="1" type="stmt"/>
      <line num="25" count="1" type="stmt"/>
      <line num="26" count="1" type="cond" truecount="1" falsecount="0"/>
      <line num="27" count="5" type="stmt"/>
      <line num="28" count="5" type="stmt"/>
      <line num="29" count="5" type="stmt"/>
      <line num="30" count="5" type="stmt"/>
      <line num="31" count="5" type="stmt"/>
      <line num="32" count="1" type="stmt"/>
      <line num="33" count="1" type="stmt"/>
      <line num="34" count="1" type="stmt"/>
      <line num="35" count="1" type="stmt"/>
      <line num="36" count="1" type="stmt"/>
      <line num="37" count="1" type="stmt"/>
      <line num="38" count="1" type="stmt"/>
      <line num="39" count="1" type="stmt"/>
      <line num="40" count="1" type="stmt"/>
      <line num="41" count="1" type="stmt"/>
      <line num="42" count="1" type="stmt"/>
      <line num="43" count="1" type="stmt"/>
      <line num="44" count="1" type="stmt"/>
      <line num="45" count="1" type="stmt"/>
      <line num="46" count="1" type="stmt"/>
      <line num="47" count="1" type="stmt"/>
      <line num="48" count="1" type="cond" truecount="1" falsecount="0"/>
      <line num="49" count="3" type="stmt"/>
      <line num="50" count="3" type="stmt"/>
      <line num="51" count="3" type="stmt"/>
      <line num="52" count="3" type="cond" truecount="1" falsecount="0"/>
      <line num="53" count="7" type="cond" truecount="1" falsecount="0"/>
      <line num="54" count="7" type="cond" truecount="0" falsecount="1"/>
      <line num="55" count="7" type="cond" truecount="1" falsecount="0"/>
      <line num="56" count="11" type="stmt"/>
      <line num="57" count="11" type="stmt"/>
      <line num="58" count="7" type="stmt"/>
      <line num="59" count="7" type="stmt"/>
      <line num="60" count="3" type="stmt"/>
      <line num="61" count="3" type="stmt"/>
      <line num="62" count="3" type="stmt"/>
      <line num="63" count="3" type="stmt"/>
      <line num="64" count="3" type="cond" truecount="1" falsecount="0"/>
      <line num="65" count="5" type="stmt"/>
      <line num="66" count="5" type="stmt"/>
      <line num="67" count="5" type="cond" truecount="2" falsecount="0"/>
      <line num="68" count="2" type="stmt"/>
      <line num="69" count="2" type="stmt"/>
      <line num="70" count="5" type="stmt"/>
      <line num="71" count="3" type="stmt"/>
      <line num="72" count="1" type="stmt"/>
      <line num="73" count="1" type="cond" truecount="1" falsecount="0"/>
      <line num="74" count="4" type="stmt"/>
      <line num="75" count="4" type="stmt"/>
      <line num="76" count="4" type="stmt"/>
      <line num="77" count="4" type="stmt"/>
      <line num="78" count="4" type="stmt"/>
      <line num="79" count="4" type="cond" truecount="1" falsecount="0"/>
      <line num="80" count="9" type="cond" truecount="0" falsecount="1"/>
      <line num="81" count="9" type="cond" truecount="1" falsecount="0"/>
      <line num="82" count="9" type="cond" truecount="1" falsecount="0"/>
      <line num="83" count="6" type="stmt"/>
      <line num="84" count="9" type="cond" truecount="1" falsecount="0"/>
      <line num="85" count="3" type="stmt"/>
      <line num="86" count="3" type="stmt"/>
      <line num="87" count="9" type="stmt"/>
      <line num="88" count="4" type="stmt"/>
      <line num="89" count="4" type="stmt"/>
      <line num="90" count="4" type="stmt"/>
      <line num="91" count="4" type="cond" truecount="1" falsecount="0"/>
      <line num="92" count="6" type="stmt"/>
      <line num="93" count="6" type="cond" truecount="1" falsecount="0"/>
      <line num="94" count="3" type="stmt"/>
      <line num="95" count="3" type="stmt"/>
      <line num="96" count="4" type="stmt"/>
    </file>
  </project>
</coverage>
