{
  "/home/hayden/code/hayden/seal/packages/core/src/context.ts": {
    "path": "/home/hayden/code/hayden/seal/packages/core/src/context.ts",
    "all": false,
    "statementMap": {
      "0": {
        "start": { "line": 1, "column": 0 },
        "end": { "line": 1, "column": 26 }
      },
      "1": {
        "start": { "line": 2, "column": 0 },
        "end": { "line": 2, "column": 13 }
      },
      "2": {
        "start": { "line": 3, "column": 0 },
        "end": { "line": 3, "column": 15 }
      },
      "3": {
        "start": { "line": 4, "column": 0 },
        "end": { "line": 4, "column": 8 }
      },
      "4": {
        "start": { "line": 5, "column": 0 },
        "end": { "line": 5, "column": 18 }
      },
      "5": {
        "start": { "line": 6, "column": 0 },
        "end": { "line": 6, "column": 16 }
      },
      "6": {
        "start": { "line": 7, "column": 0 },
        "end": { "line": 7, "column": 16 }
      },
      "7": {
        "start": { "line": 8, "column": 0 },
        "end": { "line": 8, "column": 0 }
      },
      "8": {
        "start": { "line": 9, "column": 0 },
        "end": { "line": 9, "column": 32 }
      },
      "9": {
        "start": { "line": 10, "column": 0 },
        "end": { "line": 10, "column": 15 }
      },
      "10": {
        "start": { "line": 11, "column": 0 },
        "end": { "line": 11, "column": 21 }
      },
      "11": {
        "start": { "line": 12, "column": 0 },
        "end": { "line": 12, "column": 1 }
      },
      "12": {
        "start": { "line": 13, "column": 0 },
        "end": { "line": 13, "column": 0 }
      },
      "13": {
        "start": { "line": 14, "column": 0 },
        "end": { "line": 14, "column": 21 }
      },
      "14": {
        "start": { "line": 15, "column": 0 },
        "end": { "line": 15, "column": 52 }
      },
      "15": {
        "start": { "line": 16, "column": 0 },
        "end": { "line": 16, "column": 58 }
      },
      "16": {
        "start": { "line": 17, "column": 0 },
        "end": { "line": 17, "column": 45 }
      },
      "17": {
        "start": { "line": 18, "column": 0 },
        "end": { "line": 18, "column": 1 }
      },
      "18": {
        "start": { "line": 19, "column": 0 },
        "end": { "line": 19, "column": 14 }
      },
      "19": {
        "start": { "line": 20, "column": 0 },
        "end": { "line": 20, "column": 0 }
      },
      "20": {
        "start": { "line": 21, "column": 0 },
        "end": { "line": 21, "column": 68 }
      },
      "21": {
        "start": { "line": 22, "column": 0 },
        "end": { "line": 22, "column": 0 }
      },
      "22": {
        "start": { "line": 23, "column": 0 },
        "end": { "line": 23, "column": 71 }
      },
      "23": {
        "start": { "line": 24, "column": 0 },
        "end": { "line": 24, "column": 0 }
      },
      "24": {
        "start": { "line": 25, "column": 0 },
        "end": { "line": 25, "column": 33 }
      },
      "25": {
        "start": { "line": 26, "column": 0 },
        "end": { "line": 26, "column": 0 }
      },
      "26": {
        "start": { "line": 27, "column": 0 },
        "end": { "line": 27, "column": 39 }
      },
      "27": {
        "start": { "line": 28, "column": 0 },
        "end": { "line": 28, "column": 27 }
      },
      "28": {
        "start": { "line": 29, "column": 0 },
        "end": { "line": 29, "column": 30 }
      },
      "29": {
        "start": { "line": 30, "column": 0 },
        "end": { "line": 30, "column": 30 }
      },
      "30": {
        "start": { "line": 31, "column": 0 },
        "end": { "line": 31, "column": 67 }
      },
      "31": {
        "start": { "line": 32, "column": 0 },
        "end": { "line": 32, "column": 3 }
      },
      "32": {
        "start": { "line": 33, "column": 0 },
        "end": { "line": 33, "column": 0 }
      },
      "33": {
        "start": { "line": 34, "column": 0 },
        "end": { "line": 34, "column": 6 }
      },
      "34": {
        "start": { "line": 35, "column": 0 },
        "end": { "line": 35, "column": 17 }
      },
      "35": {
        "start": { "line": 36, "column": 0 },
        "end": { "line": 36, "column": 37 }
      },
      "36": {
        "start": { "line": 37, "column": 0 },
        "end": { "line": 37, "column": 23 }
      },
      "37": {
        "start": { "line": 38, "column": 0 },
        "end": { "line": 38, "column": 11 }
      },
      "38": {
        "start": { "line": 39, "column": 0 },
        "end": { "line": 39, "column": 48 }
      },
      "39": {
        "start": { "line": 40, "column": 0 },
        "end": { "line": 40, "column": 52 }
      },
      "40": {
        "start": { "line": 41, "column": 0 },
        "end": { "line": 41, "column": 38 }
      },
      "41": {
        "start": { "line": 42, "column": 0 },
        "end": { "line": 42, "column": 25 }
      },
      "42": {
        "start": { "line": 43, "column": 0 },
        "end": { "line": 43, "column": 5 }
      },
      "43": {
        "start": { "line": 44, "column": 0 },
        "end": { "line": 44, "column": 67 }
      },
      "44": {
        "start": { "line": 45, "column": 0 },
        "end": { "line": 45, "column": 3 }
      },
      "45": {
        "start": { "line": 46, "column": 0 },
        "end": { "line": 46, "column": 0 }
      },
      "46": {
        "start": { "line": 47, "column": 0 },
        "end": { "line": 47, "column": 51 }
      },
      "47": {
        "start": { "line": 48, "column": 0 },
        "end": { "line": 48, "column": 31 }
      },
      "48": {
        "start": { "line": 49, "column": 0 },
        "end": { "line": 49, "column": 3 }
      },
      "49": {
        "start": { "line": 50, "column": 0 },
        "end": { "line": 50, "column": 0 }
      },
      "50": {
        "start": { "line": 51, "column": 0 },
        "end": { "line": 51, "column": 55 }
      },
      "51": {
        "start": { "line": 52, "column": 0 },
        "end": { "line": 52, "column": 47 }
      },
      "52": {
        "start": { "line": 53, "column": 0 },
        "end": { "line": 53, "column": 39 }
      },
      "53": {
        "start": { "line": 54, "column": 0 },
        "end": { "line": 54, "column": 43 }
      },
      "54": {
        "start": { "line": 55, "column": 0 },
        "end": { "line": 55, "column": 29 }
      },
      "55": {
        "start": { "line": 56, "column": 0 },
        "end": { "line": 56, "column": 0 }
      },
      "56": {
        "start": { "line": 57, "column": 0 },
        "end": { "line": 57, "column": 32 }
      },
      "57": {
        "start": { "line": 58, "column": 0 },
        "end": { "line": 58, "column": 63 }
      },
      "58": {
        "start": { "line": 59, "column": 0 },
        "end": { "line": 59, "column": 41 }
      },
      "59": {
        "start": { "line": 60, "column": 0 },
        "end": { "line": 60, "column": 22 }
      },
      "60": {
        "start": { "line": 61, "column": 0 },
        "end": { "line": 61, "column": 5 }
      },
      "61": {
        "start": { "line": 62, "column": 0 },
        "end": { "line": 62, "column": 0 }
      },
      "62": {
        "start": { "line": 63, "column": 0 },
        "end": { "line": 63, "column": 42 }
      },
      "63": {
        "start": { "line": 64, "column": 0 },
        "end": { "line": 64, "column": 61 }
      },
      "64": {
        "start": { "line": 65, "column": 0 },
        "end": { "line": 65, "column": 36 }
      },
      "65": {
        "start": { "line": 66, "column": 0 },
        "end": { "line": 66, "column": 23 }
      },
      "66": {
        "start": { "line": 67, "column": 0 },
        "end": { "line": 67, "column": 20 }
      },
      "67": {
        "start": { "line": 68, "column": 0 },
        "end": { "line": 68, "column": 3 }
      },
      "68": {
        "start": { "line": 69, "column": 0 },
        "end": { "line": 69, "column": 0 }
      },
      "69": {
        "start": { "line": 70, "column": 0 },
        "end": { "line": 70, "column": 69 }
      },
      "70": {
        "start": { "line": 71, "column": 0 },
        "end": { "line": 71, "column": 45 }
      },
      "71": {
        "start": { "line": 72, "column": 0 },
        "end": { "line": 72, "column": 20 }
      },
      "72": {
        "start": { "line": 73, "column": 0 },
        "end": { "line": 73, "column": 32 }
      },
      "73": {
        "start": { "line": 74, "column": 0 },
        "end": { "line": 74, "column": 3 }
      },
      "74": {
        "start": { "line": 75, "column": 0 },
        "end": { "line": 75, "column": 0 }
      },
      "75": {
        "start": { "line": 76, "column": 0 },
        "end": { "line": 76, "column": 69 }
      },
      "76": {
        "start": { "line": 77, "column": 0 },
        "end": { "line": 77, "column": 39 }
      },
      "77": {
        "start": { "line": 78, "column": 0 },
        "end": { "line": 78, "column": 16 }
      },
      "78": {
        "start": { "line": 79, "column": 0 },
        "end": { "line": 79, "column": 42 }
      },
      "79": {
        "start": { "line": 80, "column": 0 },
        "end": { "line": 80, "column": 34 }
      },
      "80": {
        "start": { "line": 81, "column": 0 },
        "end": { "line": 81, "column": 5 }
      },
      "81": {
        "start": { "line": 82, "column": 0 },
        "end": { "line": 82, "column": 3 }
      },
      "82": {
        "start": { "line": 83, "column": 0 },
        "end": { "line": 83, "column": 0 }
      },
      "83": {
        "start": { "line": 84, "column": 0 },
        "end": { "line": 84, "column": 37 }
      },
      "84": {
        "start": { "line": 85, "column": 0 },
        "end": { "line": 85, "column": 12 }
      },
      "85": {
        "start": { "line": 86, "column": 0 },
        "end": { "line": 86, "column": 34 }
      },
      "86": {
        "start": { "line": 87, "column": 0 },
        "end": { "line": 87, "column": 49 }
      },
      "87": {
        "start": { "line": 88, "column": 0 },
        "end": { "line": 88, "column": 45 }
      },
      "88": {
        "start": { "line": 89, "column": 0 },
        "end": { "line": 89, "column": 49 }
      },
      "89": {
        "start": { "line": 90, "column": 0 },
        "end": { "line": 90, "column": 31 }
      },
      "90": {
        "start": { "line": 91, "column": 0 },
        "end": { "line": 91, "column": 34 }
      },
      "91": {
        "start": { "line": 92, "column": 0 },
        "end": { "line": 92, "column": 5 }
      },
      "92": {
        "start": { "line": 93, "column": 0 },
        "end": { "line": 93, "column": 17 }
      },
      "93": {
        "start": { "line": 94, "column": 0 },
        "end": { "line": 94, "column": 3 }
      },
      "94": {
        "start": { "line": 95, "column": 0 },
        "end": { "line": 95, "column": 1 }
      }
    },
    "s": {
      "0": 1,
      "1": 1,
      "2": 1,
      "3": 1,
      "4": 1,
      "5": 1,
      "6": 1,
      "7": 1,
      "8": 1,
      "9": 1,
      "10": 1,
      "11": 1,
      "12": 1,
      "13": 1,
      "14": 18,
      "15": 18,
      "16": 18,
      "17": 18,
      "18": 18,
      "19": 18,
      "20": 18,
      "21": 18,
      "22": 18,
      "23": 18,
      "24": 18,
      "25": 18,
      "26": 18,
      "27": 18,
      "28": 18,
      "29": 18,
      "30": 18,
      "31": 18,
      "32": 18,
      "33": 18,
      "34": 8,
      "35": 8,
      "36": 8,
      "37": 8,
      "38": 8,
      "39": 1,
      "40": 1,
      "41": 1,
      "42": 1,
      "43": 8,
      "44": 8,
      "45": 18,
      "46": 18,
      "47": 1,
      "48": 1,
      "49": 18,
      "50": 18,
      "51": 18,
      "52": 18,
      "53": 30,
      "54": 30,
      "55": 8,
      "56": 9,
      "57": 6,
      "58": 6,
      "59": 6,
      "60": 6,
      "61": 2,
      "62": 2,
      "63": 2,
      "64": 2,
      "65": 2,
      "66": 2,
      "67": 30,
      "68": 18,
      "69": 18,
      "70": 28,
      "71": 28,
      "72": 28,
      "73": 28,
      "74": 18,
      "75": 18,
      "76": 1,
      "77": 1,
      "78": 1,
      "79": 1,
      "80": 1,
      "81": 1,
      "82": 18,
      "83": 18,
      "84": 3,
      "85": 3,
      "86": 3,
      "87": 3,
      "88": 3,
      "89": 3,
      "90": 1,
      "91": 1,
      "92": 3,
      "93": 3,
      "94": 18
    },
    "branchMap": {
      "0": {
        "type": "branch",
        "line": 14,
        "loc": {
          "start": { "line": 14, "column": 7 },
          "end": { "line": 95, "column": 1 }
        },
        "locations": [
          {
            "start": { "line": 14, "column": 7 },
            "end": { "line": 95, "column": 1 }
          }
        ]
      },
      "1": {
        "type": "branch",
        "line": 27,
        "loc": {
          "start": { "line": 27, "column": 2 },
          "end": { "line": 32, "column": 3 }
        },
        "locations": [
          {
            "start": { "line": 27, "column": 2 },
            "end": { "line": 32, "column": 3 }
          }
        ]
      },
      "2": {
        "type": "branch",
        "line": 30,
        "loc": {
          "start": { "line": 30, "column": 18 },
          "end": { "line": 30, "column": 30 }
        },
        "locations": [
          {
            "start": { "line": 30, "column": 18 },
            "end": { "line": 30, "column": 30 }
          }
        ]
      },
      "3": {
        "type": "branch",
        "line": 31,
        "loc": {
          "start": { "line": 31, "column": 16 },
          "end": { "line": 31, "column": 32 }
        },
        "locations": [
          {
            "start": { "line": 31, "column": 16 },
            "end": { "line": 31, "column": 32 }
          }
        ]
      },
      "4": {
        "type": "branch",
        "line": 31,
        "loc": {
          "start": { "line": 31, "column": 24 },
          "end": { "line": 31, "column": 67 }
        },
        "locations": [
          {
            "start": { "line": 31, "column": 24 },
            "end": { "line": 31, "column": 67 }
          }
        ]
      },
      "5": {
        "type": "branch",
        "line": 34,
        "loc": {
          "start": { "line": 34, "column": 2 },
          "end": { "line": 45, "column": 3 }
        },
        "locations": [
          {
            "start": { "line": 34, "column": 2 },
            "end": { "line": 45, "column": 3 }
          }
        ]
      },
      "6": {
        "type": "branch",
        "line": 39,
        "loc": {
          "start": { "line": 39, "column": 31 },
          "end": { "line": 39, "column": 47 }
        },
        "locations": [
          {
            "start": { "line": 39, "column": 31 },
            "end": { "line": 39, "column": 47 }
          }
        ]
      },
      "7": {
        "type": "branch",
        "line": 39,
        "loc": {
          "start": { "line": 39, "column": 47 },
          "end": { "line": 43, "column": 5 }
        },
        "locations": [
          {
            "start": { "line": 39, "column": 47 },
            "end": { "line": 43, "column": 5 }
          }
        ]
      },
      "8": {
        "type": "branch",
        "line": 47,
        "loc": {
          "start": { "line": 47, "column": 2 },
          "end": { "line": 49, "column": 3 }
        },
        "locations": [
          {
            "start": { "line": 47, "column": 2 },
            "end": { "line": 49, "column": 3 }
          }
        ]
      },
      "9": {
        "type": "branch",
        "line": 53,
        "loc": {
          "start": { "line": 53, "column": 2 },
          "end": { "line": 68, "column": 3 }
        },
        "locations": [
          {
            "start": { "line": 53, "column": 2 },
            "end": { "line": 68, "column": 3 }
          }
        ]
      },
      "10": {
        "type": "branch",
        "line": 55,
        "loc": {
          "start": { "line": 55, "column": 16 },
          "end": { "line": 55, "column": 29 }
        },
        "locations": [
          {
            "start": { "line": 55, "column": 16 },
            "end": { "line": 55, "column": 29 }
          }
        ]
      },
      "11": {
        "type": "branch",
        "line": 55,
        "loc": {
          "start": { "line": 55, "column": 23 },
          "end": { "line": 61, "column": 5 }
        },
        "locations": [
          {
            "start": { "line": 55, "column": 23 },
            "end": { "line": 61, "column": 5 }
          }
        ]
      },
      "12": {
        "type": "branch",
        "line": 55,
        "loc": {
          "start": { "line": 55, "column": 23 },
          "end": { "line": 57, "column": 31 }
        },
        "locations": [
          {
            "start": { "line": 55, "column": 23 },
            "end": { "line": 57, "column": 31 }
          }
        ]
      },
      "13": {
        "type": "branch",
        "line": 57,
        "loc": {
          "start": { "line": 57, "column": 31 },
          "end": { "line": 61, "column": 5 }
        },
        "locations": [
          {
            "start": { "line": 57, "column": 31 },
            "end": { "line": 61, "column": 5 }
          }
        ]
      },
      "14": {
        "type": "branch",
        "line": 61,
        "loc": {
          "start": { "line": 61, "column": 4 },
          "end": { "line": 67, "column": 20 }
        },
        "locations": [
          {
            "start": { "line": 61, "column": 4 },
            "end": { "line": 67, "column": 20 }
          }
        ]
      },
      "15": {
        "type": "branch",
        "line": 70,
        "loc": {
          "start": { "line": 70, "column": 2 },
          "end": { "line": 74, "column": 3 }
        },
        "locations": [
          {
            "start": { "line": 70, "column": 2 },
            "end": { "line": 74, "column": 3 }
          }
        ]
      },
      "16": {
        "type": "branch",
        "line": 71,
        "loc": {
          "start": { "line": 71, "column": 38 },
          "end": { "line": 71, "column": 45 }
        },
        "locations": [
          {
            "start": { "line": 71, "column": 38 },
            "end": { "line": 71, "column": 45 }
          }
        ]
      },
      "17": {
        "type": "branch",
        "line": 76,
        "loc": {
          "start": { "line": 76, "column": 2 },
          "end": { "line": 82, "column": 3 }
        },
        "locations": [
          {
            "start": { "line": 76, "column": 2 },
            "end": { "line": 82, "column": 3 }
          }
        ]
      },
      "18": {
        "type": "branch",
        "line": 84,
        "loc": {
          "start": { "line": 84, "column": 2 },
          "end": { "line": 94, "column": 3 }
        },
        "locations": [
          {
            "start": { "line": 84, "column": 2 },
            "end": { "line": 94, "column": 3 }
          }
        ]
      },
      "19": {
        "type": "branch",
        "line": 88,
        "loc": {
          "start": { "line": 88, "column": 38 },
          "end": { "line": 88, "column": 45 }
        },
        "locations": [
          {
            "start": { "line": 88, "column": 38 },
            "end": { "line": 88, "column": 45 }
          }
        ]
      },
      "20": {
        "type": "branch",
        "line": 90,
        "loc": {
          "start": { "line": 90, "column": 30 },
          "end": { "line": 92, "column": 5 }
        },
        "locations": [
          {
            "start": { "line": 90, "column": 30 },
            "end": { "line": 92, "column": 5 }
          }
        ]
      }
    },
    "b": {
      "0": [18],
      "1": [18],
      "2": [2],
      "3": [16],
      "4": [8],
      "5": [8],
      "6": [1],
      "7": [1],
      "8": [1],
      "9": [30],
      "10": [22],
      "11": [9],
      "12": [8],
      "13": [6],
      "14": [2],
      "15": [28],
      "16": [23],
      "17": [1],
      "18": [3],
      "19": [1],
      "20": [1]
    },
    "fnMap": {
      "0": {
        "name": "<instance_members_initializer>",
        "decl": {
          "start": { "line": 14, "column": 7 },
          "end": { "line": 95, "column": 1 }
        },
        "loc": {
          "start": { "line": 14, "column": 7 },
          "end": { "line": 95, "column": 1 }
        },
        "line": 14
      },
      "1": {
        "name": "Context",
        "decl": {
          "start": { "line": 27, "column": 2 },
          "end": { "line": 32, "column": 3 }
        },
        "loc": {
          "start": { "line": 27, "column": 2 },
          "end": { "line": 32, "column": 3 }
        },
        "line": 27
      },
      "2": {
        "name": "set",
        "decl": {
          "start": { "line": 34, "column": 2 },
          "end": { "line": 45, "column": 3 }
        },
        "loc": {
          "start": { "line": 34, "column": 2 },
          "end": { "line": 45, "column": 3 }
        },
        "line": 34
      },
      "3": {
        "name": "unset",
        "decl": {
          "start": { "line": 47, "column": 2 },
          "end": { "line": 49, "column": 3 }
        },
        "loc": {
          "start": { "line": 47, "column": 2 },
          "end": { "line": 49, "column": 3 }
        },
        "line": 47
      },
      "4": {
        "name": "get",
        "decl": {
          "start": { "line": 53, "column": 2 },
          "end": { "line": 68, "column": 3 }
        },
        "loc": {
          "start": { "line": 53, "column": 2 },
          "end": { "line": 68, "column": 3 }
        },
        "line": 53
      },
      "5": {
        "name": "on",
        "decl": {
          "start": { "line": 70, "column": 2 },
          "end": { "line": 74, "column": 3 }
        },
        "loc": {
          "start": { "line": 70, "column": 2 },
          "end": { "line": 74, "column": 3 }
        },
        "line": 70
      },
      "6": {
        "name": "rm",
        "decl": {
          "start": { "line": 76, "column": 2 },
          "end": { "line": 82, "column": 3 }
        },
        "loc": {
          "start": { "line": 76, "column": 2 },
          "end": { "line": 82, "column": 3 }
        },
        "line": 76
      },
      "7": {
        "name": "exec",
        "decl": {
          "start": { "line": 84, "column": 2 },
          "end": { "line": 94, "column": 3 }
        },
        "loc": {
          "start": { "line": 84, "column": 2 },
          "end": { "line": 94, "column": 3 }
        },
        "line": 84
      }
    },
    "f": { "0": 18, "1": 18, "2": 8, "3": 1, "4": 30, "5": 28, "6": 1, "7": 3 }
  },
  "/home/hayden/code/hayden/seal/packages/core/src/i18n.ts": {
    "path": "/home/hayden/code/hayden/seal/packages/core/src/i18n.ts",
    "all": false,
    "statementMap": {
      "0": {
        "start": { "line": 1, "column": 0 },
        "end": { "line": 1, "column": 24 }
      },
      "1": {
        "start": { "line": 2, "column": 0 },
        "end": { "line": 2, "column": 27 }
      },
      "2": {
        "start": { "line": 3, "column": 0 },
        "end": { "line": 3, "column": 27 }
      },
      "3": {
        "start": { "line": 4, "column": 0 },
        "end": { "line": 4, "column": 1 }
      },
      "4": {
        "start": { "line": 5, "column": 0 },
        "end": { "line": 5, "column": 0 }
      },
      "5": {
        "start": { "line": 6, "column": 0 },
        "end": { "line": 6, "column": 47 }
      },
      "6": {
        "start": { "line": 7, "column": 0 },
        "end": { "line": 7, "column": 7 }
      },
      "7": {
        "start": { "line": 8, "column": 0 },
        "end": { "line": 8, "column": 22 }
      },
      "8": {
        "start": { "line": 9, "column": 0 },
        "end": { "line": 9, "column": 88 }
      },
      "9": {
        "start": { "line": 10, "column": 0 },
        "end": { "line": 10, "column": 65 }
      },
      "10": {
        "start": { "line": 11, "column": 0 },
        "end": { "line": 11, "column": 4 }
      },
      "11": {
        "start": { "line": 12, "column": 0 },
        "end": { "line": 12, "column": 7 }
      },
      "12": {
        "start": { "line": 13, "column": 0 },
        "end": { "line": 13, "column": 50 }
      },
      "13": {
        "start": { "line": 14, "column": 0 },
        "end": { "line": 14, "column": 40 }
      },
      "14": {
        "start": { "line": 15, "column": 0 },
        "end": { "line": 15, "column": 4 }
      },
      "15": {
        "start": { "line": 16, "column": 0 },
        "end": { "line": 16, "column": 1 }
      },
      "16": {
        "start": { "line": 17, "column": 0 },
        "end": { "line": 17, "column": 0 }
      },
      "17": {
        "start": { "line": 18, "column": 0 },
        "end": { "line": 18, "column": 56 }
      },
      "18": {
        "start": { "line": 19, "column": 0 },
        "end": { "line": 19, "column": 0 }
      },
      "19": {
        "start": { "line": 20, "column": 0 },
        "end": { "line": 20, "column": 23 }
      },
      "20": {
        "start": { "line": 21, "column": 0 },
        "end": { "line": 21, "column": 26 }
      },
      "21": {
        "start": { "line": 22, "column": 0 },
        "end": { "line": 22, "column": 1 }
      },
      "22": {
        "start": { "line": 23, "column": 0 },
        "end": { "line": 23, "column": 0 }
      },
      "23": {
        "start": { "line": 24, "column": 0 },
        "end": { "line": 24, "column": 32 }
      },
      "24": {
        "start": { "line": 25, "column": 0 },
        "end": { "line": 25, "column": 0 }
      },
      "25": {
        "start": { "line": 26, "column": 0 },
        "end": { "line": 26, "column": 73 }
      },
      "26": {
        "start": { "line": 27, "column": 0 },
        "end": { "line": 27, "column": 61 }
      },
      "27": {
        "start": { "line": 28, "column": 0 },
        "end": { "line": 28, "column": 36 }
      },
      "28": {
        "start": { "line": 29, "column": 0 },
        "end": { "line": 29, "column": 41 }
      },
      "29": {
        "start": { "line": 30, "column": 0 },
        "end": { "line": 30, "column": 76 }
      },
      "30": {
        "start": { "line": 31, "column": 0 },
        "end": { "line": 31, "column": 3 }
      },
      "31": {
        "start": { "line": 32, "column": 0 },
        "end": { "line": 32, "column": 17 }
      },
      "32": {
        "start": { "line": 33, "column": 0 },
        "end": { "line": 33, "column": 1 }
      }
    },
    "s": {
      "0": 1,
      "1": 1,
      "2": 1,
      "3": 1,
      "4": 1,
      "5": 1,
      "6": 1,
      "7": 1,
      "8": 1,
      "9": 1,
      "10": 1,
      "11": 1,
      "12": 1,
      "13": 1,
      "14": 1,
      "15": 1,
      "16": 1,
      "17": 1,
      "18": 1,
      "19": 1,
      "20": 1,
      "21": 1,
      "22": 1,
      "23": 1,
      "24": 1,
      "25": 1,
      "26": 6,
      "27": 6,
      "28": 6,
      "29": 6,
      "30": 6,
      "31": 6,
      "32": 6
    },
    "branchMap": {
      "0": {
        "type": "branch",
        "line": 26,
        "loc": {
          "start": { "line": 26, "column": 7 },
          "end": { "line": 33, "column": 1 }
        },
        "locations": [
          {
            "start": { "line": 26, "column": 7 },
            "end": { "line": 33, "column": 1 }
          }
        ]
      },
      "1": {
        "type": "branch",
        "line": 27,
        "loc": {
          "start": { "line": 27, "column": 46 },
          "end": { "line": 27, "column": 61 }
        },
        "locations": [
          {
            "start": { "line": 27, "column": 46 },
            "end": { "line": 27, "column": 61 }
          }
        ]
      }
    },
    "b": { "0": [6], "1": [1] },
    "fnMap": {
      "0": {
        "name": "t",
        "decl": {
          "start": { "line": 26, "column": 7 },
          "end": { "line": 33, "column": 1 }
        },
        "loc": {
          "start": { "line": 26, "column": 7 },
          "end": { "line": 33, "column": 1 }
        },
        "line": 26
      }
    },
    "f": { "0": 6 }
  },
  "/home/hayden/code/hayden/seal/packages/core/src/index.ts": {
    "path": "/home/hayden/code/hayden/seal/packages/core/src/index.ts",
    "all": false,
    "statementMap": {
      "0": {
        "start": { "line": 1, "column": 0 },
        "end": { "line": 1, "column": 50 }
      },
      "1": {
        "start": { "line": 2, "column": 0 },
        "end": { "line": 2, "column": 13 }
      },
      "2": {
        "start": { "line": 3, "column": 0 },
        "end": { "line": 3, "column": 18 }
      },
      "3": {
        "start": { "line": 4, "column": 0 },
        "end": { "line": 4, "column": 15 }
      },
      "4": {
        "start": { "line": 5, "column": 0 },
        "end": { "line": 5, "column": 12 }
      },
      "5": {
        "start": { "line": 6, "column": 0 },
        "end": { "line": 6, "column": 18 }
      },
      "6": {
        "start": { "line": 7, "column": 0 },
        "end": { "line": 7, "column": 18 }
      },
      "7": {
        "start": { "line": 8, "column": 0 },
        "end": { "line": 8, "column": 16 }
      },
      "8": {
        "start": { "line": 9, "column": 0 },
        "end": { "line": 9, "column": 19 }
      },
      "9": {
        "start": { "line": 10, "column": 0 },
        "end": { "line": 10, "column": 18 }
      },
      "10": {
        "start": { "line": 11, "column": 0 },
        "end": { "line": 11, "column": 18 }
      },
      "11": {
        "start": { "line": 12, "column": 0 },
        "end": { "line": 12, "column": 16 }
      },
      "12": {
        "start": { "line": 13, "column": 0 },
        "end": { "line": 13, "column": 11 }
      },
      "13": {
        "start": { "line": 14, "column": 0 },
        "end": { "line": 14, "column": 16 }
      },
      "14": {
        "start": { "line": 15, "column": 0 },
        "end": { "line": 15, "column": 16 }
      },
      "15": {
        "start": { "line": 16, "column": 0 },
        "end": { "line": 16, "column": 0 }
      },
      "16": {
        "start": { "line": 17, "column": 0 },
        "end": { "line": 17, "column": 57 }
      },
      "17": {
        "start": { "line": 18, "column": 0 },
        "end": { "line": 18, "column": 0 }
      },
      "18": {
        "start": { "line": 19, "column": 0 },
        "end": { "line": 19, "column": 32 }
      },
      "19": {
        "start": { "line": 20, "column": 0 },
        "end": { "line": 20, "column": 40 }
      },
      "20": {
        "start": { "line": 21, "column": 0 },
        "end": { "line": 21, "column": 46 }
      },
      "21": {
        "start": { "line": 22, "column": 0 },
        "end": { "line": 22, "column": 55 }
      },
      "22": {
        "start": { "line": 23, "column": 0 },
        "end": { "line": 23, "column": 14 }
      },
      "23": {
        "start": { "line": 24, "column": 0 },
        "end": { "line": 24, "column": 1 }
      },
      "24": {
        "start": { "line": 25, "column": 0 },
        "end": { "line": 25, "column": 0 }
      },
      "25": {
        "start": { "line": 26, "column": 0 },
        "end": { "line": 26, "column": 34 }
      },
      "26": {
        "start": { "line": 27, "column": 0 },
        "end": { "line": 27, "column": 42 }
      },
      "27": {
        "start": { "line": 28, "column": 0 },
        "end": { "line": 28, "column": 48 }
      },
      "28": {
        "start": { "line": 29, "column": 0 },
        "end": { "line": 29, "column": 59 }
      },
      "29": {
        "start": { "line": 30, "column": 0 },
        "end": { "line": 30, "column": 45 }
      },
      "30": {
        "start": { "line": 31, "column": 0 },
        "end": { "line": 31, "column": 1 }
      },
      "31": {
        "start": { "line": 32, "column": 0 },
        "end": { "line": 32, "column": 0 }
      },
      "32": {
        "start": { "line": 33, "column": 0 },
        "end": { "line": 33, "column": 13 }
      },
      "33": {
        "start": { "line": 34, "column": 0 },
        "end": { "line": 34, "column": 18 }
      },
      "34": {
        "start": { "line": 35, "column": 0 },
        "end": { "line": 35, "column": 15 }
      },
      "35": {
        "start": { "line": 36, "column": 0 },
        "end": { "line": 36, "column": 12 }
      },
      "36": {
        "start": { "line": 37, "column": 0 },
        "end": { "line": 37, "column": 18 }
      },
      "37": {
        "start": { "line": 38, "column": 0 },
        "end": { "line": 38, "column": 18 }
      },
      "38": {
        "start": { "line": 39, "column": 0 },
        "end": { "line": 39, "column": 16 }
      },
      "39": {
        "start": { "line": 40, "column": 0 },
        "end": { "line": 40, "column": 19 }
      },
      "40": {
        "start": { "line": 41, "column": 0 },
        "end": { "line": 41, "column": 18 }
      },
      "41": {
        "start": { "line": 42, "column": 0 },
        "end": { "line": 42, "column": 18 }
      },
      "42": {
        "start": { "line": 43, "column": 0 },
        "end": { "line": 43, "column": 16 }
      },
      "43": {
        "start": { "line": 44, "column": 0 },
        "end": { "line": 44, "column": 11 }
      },
      "44": {
        "start": { "line": 45, "column": 0 },
        "end": { "line": 45, "column": 16 }
      },
      "45": {
        "start": { "line": 46, "column": 0 },
        "end": { "line": 46, "column": 1 }
      },
      "46": {
        "start": { "line": 47, "column": 0 },
        "end": { "line": 47, "column": 0 }
      },
      "47": {
        "start": { "line": 48, "column": 0 },
        "end": { "line": 48, "column": 77 }
      },
      "48": {
        "start": { "line": 49, "column": 0 },
        "end": { "line": 49, "column": 66 }
      },
      "49": {
        "start": { "line": 50, "column": 0 },
        "end": { "line": 50, "column": 66 }
      },
      "50": {
        "start": { "line": 51, "column": 0 },
        "end": { "line": 51, "column": 0 }
      },
      "51": {
        "start": { "line": 52, "column": 0 },
        "end": { "line": 52, "column": 41 }
      },
      "52": {
        "start": { "line": 53, "column": 0 },
        "end": { "line": 53, "column": 50 }
      },
      "53": {
        "start": { "line": 54, "column": 0 },
        "end": { "line": 54, "column": 50 }
      },
      "54": {
        "start": { "line": 55, "column": 0 },
        "end": { "line": 55, "column": 35 }
      },
      "55": {
        "start": { "line": 56, "column": 0 },
        "end": { "line": 56, "column": 26 }
      },
      "56": {
        "start": { "line": 57, "column": 0 },
        "end": { "line": 57, "column": 5 }
      },
      "57": {
        "start": { "line": 58, "column": 0 },
        "end": { "line": 58, "column": 37 }
      },
      "58": {
        "start": { "line": 59, "column": 0 },
        "end": { "line": 59, "column": 3 }
      },
      "59": {
        "start": { "line": 60, "column": 0 },
        "end": { "line": 60, "column": 0 }
      },
      "60": {
        "start": { "line": 61, "column": 0 },
        "end": { "line": 61, "column": 79 }
      },
      "61": {
        "start": { "line": 62, "column": 0 },
        "end": { "line": 62, "column": 79 }
      },
      "62": {
        "start": { "line": 63, "column": 0 },
        "end": { "line": 63, "column": 0 }
      },
      "63": {
        "start": { "line": 64, "column": 0 },
        "end": { "line": 64, "column": 43 }
      },
      "64": {
        "start": { "line": 65, "column": 0 },
        "end": { "line": 65, "column": 47 }
      },
      "65": {
        "start": { "line": 66, "column": 0 },
        "end": { "line": 66, "column": 47 }
      },
      "66": {
        "start": { "line": 67, "column": 0 },
        "end": { "line": 67, "column": 39 }
      },
      "67": {
        "start": { "line": 68, "column": 0 },
        "end": { "line": 68, "column": 47 }
      },
      "68": {
        "start": { "line": 69, "column": 0 },
        "end": { "line": 69, "column": 5 }
      },
      "69": {
        "start": { "line": 70, "column": 0 },
        "end": { "line": 70, "column": 3 }
      },
      "70": {
        "start": { "line": 71, "column": 0 },
        "end": { "line": 71, "column": 1 }
      },
      "71": {
        "start": { "line": 72, "column": 0 },
        "end": { "line": 72, "column": 0 }
      },
      "72": {
        "start": { "line": 73, "column": 0 },
        "end": { "line": 73, "column": 50 }
      },
      "73": {
        "start": { "line": 74, "column": 0 },
        "end": { "line": 74, "column": 39 }
      },
      "74": {
        "start": { "line": 75, "column": 0 },
        "end": { "line": 75, "column": 50 }
      },
      "75": {
        "start": { "line": 76, "column": 0 },
        "end": { "line": 76, "column": 0 }
      },
      "76": {
        "start": { "line": 77, "column": 0 },
        "end": { "line": 77, "column": 15 }
      },
      "77": {
        "start": { "line": 78, "column": 0 },
        "end": { "line": 78, "column": 53 }
      },
      "78": {
        "start": { "line": 79, "column": 0 },
        "end": { "line": 79, "column": 35 }
      },
      "79": {
        "start": { "line": 80, "column": 0 },
        "end": { "line": 80, "column": 38 }
      },
      "80": {
        "start": { "line": 81, "column": 0 },
        "end": { "line": 81, "column": 53 }
      },
      "81": {
        "start": { "line": 82, "column": 0 },
        "end": { "line": 82, "column": 32 }
      },
      "82": {
        "start": { "line": 83, "column": 0 },
        "end": { "line": 83, "column": 23 }
      },
      "83": {
        "start": { "line": 84, "column": 0 },
        "end": { "line": 84, "column": 12 }
      },
      "84": {
        "start": { "line": 85, "column": 0 },
        "end": { "line": 85, "column": 30 }
      },
      "85": {
        "start": { "line": 86, "column": 0 },
        "end": { "line": 86, "column": 5 }
      },
      "86": {
        "start": { "line": 87, "column": 0 },
        "end": { "line": 87, "column": 3 }
      },
      "87": {
        "start": { "line": 88, "column": 0 },
        "end": { "line": 88, "column": 0 }
      },
      "88": {
        "start": { "line": 89, "column": 0 },
        "end": { "line": 89, "column": 14 }
      },
      "89": {
        "start": { "line": 90, "column": 0 },
        "end": { "line": 90, "column": 63 }
      },
      "90": {
        "start": { "line": 91, "column": 0 },
        "end": { "line": 91, "column": 39 }
      },
      "91": {
        "start": { "line": 92, "column": 0 },
        "end": { "line": 92, "column": 25 }
      },
      "92": {
        "start": { "line": 93, "column": 0 },
        "end": { "line": 93, "column": 34 }
      },
      "93": {
        "start": { "line": 94, "column": 0 },
        "end": { "line": 94, "column": 34 }
      },
      "94": {
        "start": { "line": 95, "column": 0 },
        "end": { "line": 95, "column": 3 }
      },
      "95": {
        "start": { "line": 96, "column": 0 },
        "end": { "line": 96, "column": 1 }
      }
    },
    "s": {
      "0": 1,
      "1": 1,
      "2": 1,
      "3": 1,
      "4": 1,
      "5": 1,
      "6": 1,
      "7": 1,
      "8": 1,
      "9": 1,
      "10": 1,
      "11": 1,
      "12": 1,
      "13": 1,
      "14": 1,
      "15": 1,
      "16": 1,
      "17": 1,
      "18": 1,
      "19": 1,
      "20": 1,
      "21": 1,
      "22": 1,
      "23": 1,
      "24": 1,
      "25": 1,
      "26": 5,
      "27": 5,
      "28": 5,
      "29": 5,
      "30": 5,
      "31": 1,
      "32": 1,
      "33": 1,
      "34": 1,
      "35": 1,
      "36": 1,
      "37": 1,
      "38": 1,
      "39": 1,
      "40": 1,
      "41": 1,
      "42": 1,
      "43": 1,
      "44": 1,
      "45": 1,
      "46": 1,
      "47": 1,
      "48": 3,
      "49": 3,
      "50": 3,
      "51": 3,
      "52": 7,
      "53": 7,
      "54": 7,
      "55": 11,
      "56": 11,
      "57": 7,
      "58": 7,
      "59": 3,
      "60": 3,
      "61": 3,
      "62": 3,
      "63": 3,
      "64": 5,
      "65": 5,
      "66": 5,
      "67": 2,
      "68": 2,
      "69": 5,
      "70": 3,
      "71": 1,
      "72": 1,
      "73": 4,
      "74": 4,
      "75": 4,
      "76": 4,
      "77": 4,
      "78": 4,
      "79": 9,
      "80": 9,
      "81": 9,
      "82": 6,
      "83": 9,
      "84": 3,
      "85": 3,
      "86": 9,
      "87": 4,
      "88": 4,
      "89": 4,
      "90": 4,
      "91": 6,
      "92": 6,
      "93": 3,
      "94": 3,
      "95": 4
    },
    "branchMap": {
      "0": {
        "type": "branch",
        "line": 19,
        "loc": {
          "start": { "line": 19, "column": 7 },
          "end": { "line": 24, "column": 1 }
        },
        "locations": [
          {
            "start": { "line": 19, "column": 7 },
            "end": { "line": 24, "column": 1 }
          }
        ]
      },
      "1": {
        "type": "branch",
        "line": 26,
        "loc": {
          "start": { "line": 26, "column": 7 },
          "end": { "line": 31, "column": 1 }
        },
        "locations": [
          {
            "start": { "line": 26, "column": 7 },
            "end": { "line": 31, "column": 1 }
          }
        ]
      },
      "2": {
        "type": "branch",
        "line": 48,
        "loc": {
          "start": { "line": 48, "column": 7 },
          "end": { "line": 71, "column": 1 }
        },
        "locations": [
          {
            "start": { "line": 48, "column": 7 },
            "end": { "line": 71, "column": 1 }
          }
        ]
      },
      "3": {
        "type": "branch",
        "line": 52,
        "loc": {
          "start": { "line": 52, "column": 40 },
          "end": { "line": 59, "column": 3 }
        },
        "locations": [
          {
            "start": { "line": 52, "column": 40 },
            "end": { "line": 59, "column": 3 }
          }
        ]
      },
      "4": {
        "type": "branch",
        "line": 53,
        "loc": {
          "start": { "line": 53, "column": 43 },
          "end": { "line": 53, "column": 50 }
        },
        "locations": [
          {
            "start": { "line": 53, "column": 43 },
            "end": { "line": 53, "column": 50 }
          }
        ]
      },
      "5": {
        "type": "branch",
        "line": 54,
        "loc": {
          "start": { "line": 54, "column": 43 },
          "end": { "line": 54, "column": 50 }
        },
        "locations": [
          {
            "start": { "line": 54, "column": 43 },
            "end": { "line": 54, "column": 50 }
          }
        ]
      },
      "6": {
        "type": "branch",
        "line": 55,
        "loc": {
          "start": { "line": 55, "column": 34 },
          "end": { "line": 57, "column": 5 }
        },
        "locations": [
          {
            "start": { "line": 55, "column": 34 },
            "end": { "line": 57, "column": 5 }
          }
        ]
      },
      "7": {
        "type": "branch",
        "line": 64,
        "loc": {
          "start": { "line": 64, "column": 42 },
          "end": { "line": 70, "column": 3 }
        },
        "locations": [
          {
            "start": { "line": 64, "column": 42 },
            "end": { "line": 70, "column": 3 }
          }
        ]
      },
      "8": {
        "type": "branch",
        "line": 67,
        "loc": {
          "start": { "line": 67, "column": 8 },
          "end": { "line": 67, "column": 38 }
        },
        "locations": [
          {
            "start": { "line": 67, "column": 8 },
            "end": { "line": 67, "column": 38 }
          }
        ]
      },
      "9": {
        "type": "branch",
        "line": 67,
        "loc": {
          "start": { "line": 67, "column": 38 },
          "end": { "line": 69, "column": 5 }
        },
        "locations": [
          {
            "start": { "line": 67, "column": 38 },
            "end": { "line": 69, "column": 5 }
          }
        ]
      },
      "10": {
        "type": "branch",
        "line": 73,
        "loc": {
          "start": { "line": 73, "column": 7 },
          "end": { "line": 96, "column": 1 }
        },
        "locations": [
          {
            "start": { "line": 73, "column": 7 },
            "end": { "line": 96, "column": 1 }
          }
        ]
      },
      "11": {
        "type": "branch",
        "line": 79,
        "loc": {
          "start": { "line": 79, "column": 34 },
          "end": { "line": 87, "column": 3 }
        },
        "locations": [
          {
            "start": { "line": 79, "column": 34 },
            "end": { "line": 87, "column": 3 }
          }
        ]
      },
      "12": {
        "type": "branch",
        "line": 80,
        "loc": {
          "start": { "line": 80, "column": 31 },
          "end": { "line": 80, "column": 38 }
        },
        "locations": [
          {
            "start": { "line": 80, "column": 31 },
            "end": { "line": 80, "column": 38 }
          }
        ]
      },
      "13": {
        "type": "branch",
        "line": 82,
        "loc": {
          "start": { "line": 82, "column": 31 },
          "end": { "line": 84, "column": 11 }
        },
        "locations": [
          {
            "start": { "line": 82, "column": 31 },
            "end": { "line": 84, "column": 11 }
          }
        ]
      },
      "14": {
        "type": "branch",
        "line": 84,
        "loc": {
          "start": { "line": 84, "column": 4 },
          "end": { "line": 86, "column": 5 }
        },
        "locations": [
          {
            "start": { "line": 84, "column": 4 },
            "end": { "line": 86, "column": 5 }
          }
        ]
      },
      "15": {
        "type": "branch",
        "line": 91,
        "loc": {
          "start": { "line": 91, "column": 38 },
          "end": { "line": 95, "column": 3 }
        },
        "locations": [
          {
            "start": { "line": 91, "column": 38 },
            "end": { "line": 95, "column": 3 }
          }
        ]
      },
      "16": {
        "type": "branch",
        "line": 93,
        "loc": {
          "start": { "line": 93, "column": 26 },
          "end": { "line": 95, "column": 3 }
        },
        "locations": [
          {
            "start": { "line": 93, "column": 26 },
            "end": { "line": 95, "column": 3 }
          }
        ]
      },
      "17": {
        "type": "branch",
        "line": 81,
        "loc": {
          "start": { "line": 81, "column": 34 },
          "end": { "line": 81, "column": 52 }
        },
        "locations": [
          {
            "start": { "line": 81, "column": 34 },
            "end": { "line": 81, "column": 52 }
          }
        ]
      }
    },
    "b": {
      "0": [1],
      "1": [5],
      "2": [3],
      "3": [7],
      "4": [6],
      "5": [0],
      "6": [11],
      "7": [5],
      "8": [2],
      "9": [2],
      "10": [4],
      "11": [9],
      "12": [0],
      "13": [6],
      "14": [3],
      "15": [6],
      "16": [3],
      "17": [14]
    },
    "fnMap": {
      "0": {
        "name": "defineSealSetup",
        "decl": {
          "start": { "line": 19, "column": 7 },
          "end": { "line": 24, "column": 1 }
        },
        "loc": {
          "start": { "line": 19, "column": 7 },
          "end": { "line": 24, "column": 1 }
        },
        "line": 19
      },
      "1": {
        "name": "createSealContext",
        "decl": {
          "start": { "line": 26, "column": 7 },
          "end": { "line": 31, "column": 1 }
        },
        "loc": {
          "start": { "line": 26, "column": 7 },
          "end": { "line": 31, "column": 1 }
        },
        "line": 26
      },
      "2": {
        "name": "migrateSchema",
        "decl": {
          "start": { "line": 48, "column": 7 },
          "end": { "line": 71, "column": 1 }
        },
        "loc": {
          "start": { "line": 48, "column": 7 },
          "end": { "line": 71, "column": 1 }
        },
        "line": 48
      },
      "3": {
        "name": "deepClear",
        "decl": {
          "start": { "line": 73, "column": 7 },
          "end": { "line": 96, "column": 1 }
        },
        "loc": {
          "start": { "line": 73, "column": 7 },
          "end": { "line": 96, "column": 1 }
        },
        "line": 73
      }
    },
    "f": { "0": 1, "1": 5, "2": 3, "3": 4 }
  }
}
