{
  "/home/hayden/code/hayden/seal/packages/vue/src/component.ts": {
    "path": "/home/hayden/code/hayden/seal/packages/vue/src/component.ts",
    "all": false,
    "statementMap": {
      "0": {
        "start": { "line": 1, "column": 0 },
        "end": { "line": 1, "column": 8 }
      },
      "1": {
        "start": { "line": 2, "column": 0 },
        "end": { "line": 2, "column": 18 }
      },
      "2": {
        "start": { "line": 3, "column": 0 },
        "end": { "line": 3, "column": 20 }
      },
      "3": {
        "start": { "line": 4, "column": 0 },
        "end": { "line": 4, "column": 12 }
      },
      "4": {
        "start": { "line": 5, "column": 0 },
        "end": { "line": 5, "column": 16 }
      },
      "5": {
        "start": { "line": 6, "column": 0 },
        "end": { "line": 6, "column": 23 }
      },
      "6": {
        "start": { "line": 7, "column": 0 },
        "end": { "line": 7, "column": 16 }
      },
      "7": {
        "start": { "line": 8, "column": 0 },
        "end": { "line": 8, "column": 21 }
      },
      "8": {
        "start": { "line": 9, "column": 0 },
        "end": { "line": 9, "column": 37 }
      },
      "9": {
        "start": { "line": 10, "column": 0 },
        "end": { "line": 10, "column": 8 }
      },
      "10": {
        "start": { "line": 11, "column": 0 },
        "end": { "line": 11, "column": 11 }
      },
      "11": {
        "start": { "line": 12, "column": 0 },
        "end": { "line": 12, "column": 18 }
      },
      "12": {
        "start": { "line": 13, "column": 0 },
        "end": { "line": 13, "column": 4 }
      },
      "13": {
        "start": { "line": 14, "column": 0 },
        "end": { "line": 14, "column": 11 }
      },
      "14": {
        "start": { "line": 15, "column": 0 },
        "end": { "line": 15, "column": 12 }
      },
      "15": {
        "start": { "line": 16, "column": 0 },
        "end": { "line": 16, "column": 14 }
      },
      "16": {
        "start": { "line": 17, "column": 0 },
        "end": { "line": 17, "column": 6 }
      },
      "17": {
        "start": { "line": 18, "column": 0 },
        "end": { "line": 18, "column": 8 }
      },
      "18": {
        "start": { "line": 19, "column": 0 },
        "end": { "line": 19, "column": 17 }
      },
      "19": {
        "start": { "line": 20, "column": 0 },
        "end": { "line": 20, "column": 16 }
      },
      "20": {
        "start": { "line": 21, "column": 0 },
        "end": { "line": 21, "column": 13 }
      },
      "21": {
        "start": { "line": 22, "column": 0 },
        "end": { "line": 22, "column": 12 }
      },
      "22": {
        "start": { "line": 23, "column": 0 },
        "end": { "line": 23, "column": 73 }
      },
      "23": {
        "start": { "line": 24, "column": 0 },
        "end": { "line": 24, "column": 0 }
      },
      "24": {
        "start": { "line": 25, "column": 0 },
        "end": { "line": 25, "column": 36 }
      },
      "25": {
        "start": { "line": 26, "column": 0 },
        "end": { "line": 26, "column": 21 }
      },
      "26": {
        "start": { "line": 27, "column": 0 },
        "end": { "line": 27, "column": 11 }
      },
      "27": {
        "start": { "line": 28, "column": 0 },
        "end": { "line": 28, "column": 54 }
      },
      "28": {
        "start": { "line": 29, "column": 0 },
        "end": { "line": 29, "column": 0 }
      },
      "29": {
        "start": { "line": 30, "column": 0 },
        "end": { "line": 30, "column": 21 }
      },
      "30": {
        "start": { "line": 31, "column": 0 },
        "end": { "line": 31, "column": 28 }
      },
      "31": {
        "start": { "line": 32, "column": 0 },
        "end": { "line": 32, "column": 6 }
      },
      "32": {
        "start": { "line": 33, "column": 0 },
        "end": { "line": 33, "column": 0 }
      },
      "33": {
        "start": { "line": 34, "column": 0 },
        "end": { "line": 34, "column": 23 }
      },
      "34": {
        "start": { "line": 35, "column": 0 },
        "end": { "line": 35, "column": 30 }
      },
      "35": {
        "start": { "line": 36, "column": 0 },
        "end": { "line": 36, "column": 6 }
      },
      "36": {
        "start": { "line": 37, "column": 0 },
        "end": { "line": 37, "column": 0 }
      },
      "37": {
        "start": { "line": 38, "column": 0 },
        "end": { "line": 38, "column": 21 }
      },
      "38": {
        "start": { "line": 39, "column": 0 },
        "end": { "line": 39, "column": 4 }
      },
      "39": {
        "start": { "line": 40, "column": 0 },
        "end": { "line": 40, "column": 2 }
      },
      "40": {
        "start": { "line": 41, "column": 0 },
        "end": { "line": 41, "column": 0 }
      },
      "41": {
        "start": { "line": 42, "column": 0 },
        "end": { "line": 42, "column": 62 }
      },
      "42": {
        "start": { "line": 43, "column": 0 },
        "end": { "line": 43, "column": 0 }
      },
      "43": {
        "start": { "line": 44, "column": 0 },
        "end": { "line": 44, "column": 30 }
      },
      "44": {
        "start": { "line": 45, "column": 0 },
        "end": { "line": 45, "column": 44 }
      },
      "45": {
        "start": { "line": 46, "column": 0 },
        "end": { "line": 46, "column": 38 }
      },
      "46": {
        "start": { "line": 47, "column": 0 },
        "end": { "line": 47, "column": 33 }
      },
      "47": {
        "start": { "line": 48, "column": 0 },
        "end": { "line": 48, "column": 1 }
      },
      "48": {
        "start": { "line": 49, "column": 0 },
        "end": { "line": 49, "column": 0 }
      },
      "49": {
        "start": { "line": 50, "column": 0 },
        "end": { "line": 50, "column": 46 }
      },
      "50": {
        "start": { "line": 51, "column": 0 },
        "end": { "line": 51, "column": 24 }
      },
      "51": {
        "start": { "line": 52, "column": 0 },
        "end": { "line": 52, "column": 10 }
      },
      "52": {
        "start": { "line": 53, "column": 0 },
        "end": { "line": 53, "column": 17 }
      },
      "53": {
        "start": { "line": 54, "column": 0 },
        "end": { "line": 54, "column": 65 }
      },
      "54": {
        "start": { "line": 55, "column": 0 },
        "end": { "line": 55, "column": 21 }
      },
      "55": {
        "start": { "line": 56, "column": 0 },
        "end": { "line": 56, "column": 6 }
      },
      "56": {
        "start": { "line": 57, "column": 0 },
        "end": { "line": 57, "column": 12 }
      },
      "57": {
        "start": { "line": 58, "column": 0 },
        "end": { "line": 58, "column": 73 }
      },
      "58": {
        "start": { "line": 59, "column": 0 },
        "end": { "line": 59, "column": 21 }
      },
      "59": {
        "start": { "line": 60, "column": 0 },
        "end": { "line": 60, "column": 6 }
      },
      "60": {
        "start": { "line": 61, "column": 0 },
        "end": { "line": 61, "column": 61 }
      },
      "61": {
        "start": { "line": 62, "column": 0 },
        "end": { "line": 62, "column": 4 }
      },
      "62": {
        "start": { "line": 63, "column": 0 },
        "end": { "line": 63, "column": 16 }
      },
      "63": {
        "start": { "line": 64, "column": 0 },
        "end": { "line": 64, "column": 31 }
      },
      "64": {
        "start": { "line": 65, "column": 0 },
        "end": { "line": 65, "column": 35 }
      },
      "65": {
        "start": { "line": 66, "column": 0 },
        "end": { "line": 66, "column": 0 }
      },
      "66": {
        "start": { "line": 67, "column": 0 },
        "end": { "line": 67, "column": 7 }
      },
      "67": {
        "start": { "line": 68, "column": 0 },
        "end": { "line": 68, "column": 13 }
      },
      "68": {
        "start": { "line": 69, "column": 0 },
        "end": { "line": 69, "column": 7 }
      },
      "69": {
        "start": { "line": 70, "column": 0 },
        "end": { "line": 70, "column": 57 }
      },
      "70": {
        "start": { "line": 71, "column": 0 },
        "end": { "line": 71, "column": 34 }
      },
      "71": {
        "start": { "line": 72, "column": 0 },
        "end": { "line": 72, "column": 29 }
      },
      "72": {
        "start": { "line": 73, "column": 0 },
        "end": { "line": 73, "column": 60 }
      },
      "73": {
        "start": { "line": 74, "column": 0 },
        "end": { "line": 74, "column": 57 }
      },
      "74": {
        "start": { "line": 75, "column": 0 },
        "end": { "line": 75, "column": 28 }
      },
      "75": {
        "start": { "line": 76, "column": 0 },
        "end": { "line": 76, "column": 20 }
      },
      "76": {
        "start": { "line": 77, "column": 0 },
        "end": { "line": 77, "column": 28 }
      },
      "77": {
        "start": { "line": 78, "column": 0 },
        "end": { "line": 78, "column": 38 }
      },
      "78": {
        "start": { "line": 79, "column": 0 },
        "end": { "line": 79, "column": 9 }
      },
      "79": {
        "start": { "line": 80, "column": 0 },
        "end": { "line": 80, "column": 17 }
      },
      "80": {
        "start": { "line": 81, "column": 0 },
        "end": { "line": 81, "column": 23 }
      },
      "81": {
        "start": { "line": 82, "column": 0 },
        "end": { "line": 82, "column": 53 }
      },
      "82": {
        "start": { "line": 83, "column": 0 },
        "end": { "line": 83, "column": 39 }
      },
      "83": {
        "start": { "line": 84, "column": 0 },
        "end": { "line": 84, "column": 9 }
      },
      "84": {
        "start": { "line": 85, "column": 0 },
        "end": { "line": 85, "column": 8 }
      },
      "85": {
        "start": { "line": 86, "column": 0 },
        "end": { "line": 86, "column": 5 }
      },
      "86": {
        "start": { "line": 87, "column": 0 },
        "end": { "line": 87, "column": 0 }
      },
      "87": {
        "start": { "line": 88, "column": 0 },
        "end": { "line": 88, "column": 30 }
      },
      "88": {
        "start": { "line": 89, "column": 0 },
        "end": { "line": 89, "column": 46 }
      },
      "89": {
        "start": { "line": 90, "column": 0 },
        "end": { "line": 90, "column": 22 }
      },
      "90": {
        "start": { "line": 91, "column": 0 },
        "end": { "line": 91, "column": 29 }
      },
      "91": {
        "start": { "line": 92, "column": 0 },
        "end": { "line": 92, "column": 6 }
      },
      "92": {
        "start": { "line": 93, "column": 0 },
        "end": { "line": 93, "column": 46 }
      },
      "93": {
        "start": { "line": 94, "column": 0 },
        "end": { "line": 94, "column": 39 }
      },
      "94": {
        "start": { "line": 95, "column": 0 },
        "end": { "line": 95, "column": 25 }
      },
      "95": {
        "start": { "line": 96, "column": 0 },
        "end": { "line": 96, "column": 0 }
      },
      "96": {
        "start": { "line": 97, "column": 0 },
        "end": { "line": 97, "column": 16 }
      },
      "97": {
        "start": { "line": 98, "column": 0 },
        "end": { "line": 98, "column": 48 }
      },
      "98": {
        "start": { "line": 99, "column": 0 },
        "end": { "line": 99, "column": 32 }
      },
      "99": {
        "start": { "line": 100, "column": 0 },
        "end": { "line": 100, "column": 28 }
      },
      "100": {
        "start": { "line": 101, "column": 0 },
        "end": { "line": 101, "column": 57 }
      },
      "101": {
        "start": { "line": 102, "column": 0 },
        "end": { "line": 102, "column": 9 }
      },
      "102": {
        "start": { "line": 103, "column": 0 },
        "end": { "line": 103, "column": 47 }
      },
      "103": {
        "start": { "line": 104, "column": 0 },
        "end": { "line": 104, "column": 8 }
      },
      "104": {
        "start": { "line": 105, "column": 0 },
        "end": { "line": 105, "column": 6 }
      },
      "105": {
        "start": { "line": 106, "column": 0 },
        "end": { "line": 106, "column": 0 }
      },
      "106": {
        "start": { "line": 107, "column": 0 },
        "end": { "line": 107, "column": 21 }
      },
      "107": {
        "start": { "line": 108, "column": 0 },
        "end": { "line": 108, "column": 26 }
      },
      "108": {
        "start": { "line": 109, "column": 0 },
        "end": { "line": 109, "column": 28 }
      },
      "109": {
        "start": { "line": 110, "column": 0 },
        "end": { "line": 110, "column": 0 }
      },
      "110": {
        "start": { "line": 111, "column": 0 },
        "end": { "line": 111, "column": 61 }
      },
      "111": {
        "start": { "line": 112, "column": 0 },
        "end": { "line": 112, "column": 77 }
      },
      "112": {
        "start": { "line": 113, "column": 0 },
        "end": { "line": 113, "column": 64 }
      },
      "113": {
        "start": { "line": 114, "column": 0 },
        "end": { "line": 114, "column": 33 }
      },
      "114": {
        "start": { "line": 115, "column": 0 },
        "end": { "line": 115, "column": 29 }
      },
      "115": {
        "start": { "line": 116, "column": 0 },
        "end": { "line": 116, "column": 7 }
      },
      "116": {
        "start": { "line": 117, "column": 0 },
        "end": { "line": 117, "column": 0 }
      },
      "117": {
        "start": { "line": 118, "column": 0 },
        "end": { "line": 118, "column": 41 }
      },
      "118": {
        "start": { "line": 119, "column": 0 },
        "end": { "line": 119, "column": 53 }
      },
      "119": {
        "start": { "line": 120, "column": 0 },
        "end": { "line": 120, "column": 30 }
      },
      "120": {
        "start": { "line": 121, "column": 0 },
        "end": { "line": 121, "column": 45 }
      },
      "121": {
        "start": { "line": 122, "column": 0 },
        "end": { "line": 122, "column": 29 }
      },
      "122": {
        "start": { "line": 123, "column": 0 },
        "end": { "line": 123, "column": 44 }
      },
      "123": {
        "start": { "line": 124, "column": 0 },
        "end": { "line": 124, "column": 0 }
      },
      "124": {
        "start": { "line": 125, "column": 0 },
        "end": { "line": 125, "column": 53 }
      },
      "125": {
        "start": { "line": 126, "column": 0 },
        "end": { "line": 126, "column": 10 }
      },
      "126": {
        "start": { "line": 127, "column": 0 },
        "end": { "line": 127, "column": 7 }
      },
      "127": {
        "start": { "line": 128, "column": 0 },
        "end": { "line": 128, "column": 0 }
      },
      "128": {
        "start": { "line": 129, "column": 0 },
        "end": { "line": 129, "column": 41 }
      },
      "129": {
        "start": { "line": 130, "column": 0 },
        "end": { "line": 130, "column": 6 }
      },
      "130": {
        "start": { "line": 131, "column": 0 },
        "end": { "line": 131, "column": 0 }
      },
      "131": {
        "start": { "line": 132, "column": 0 },
        "end": { "line": 132, "column": 31 }
      },
      "132": {
        "start": { "line": 133, "column": 0 },
        "end": { "line": 133, "column": 10 }
      },
      "133": {
        "start": { "line": 134, "column": 0 },
        "end": { "line": 134, "column": 21 }
      },
      "134": {
        "start": { "line": 135, "column": 0 },
        "end": { "line": 135, "column": 13 }
      },
      "135": {
        "start": { "line": 136, "column": 0 },
        "end": { "line": 136, "column": 24 }
      },
      "136": {
        "start": { "line": 137, "column": 0 },
        "end": { "line": 137, "column": 48 }
      },
      "137": {
        "start": { "line": 138, "column": 0 },
        "end": { "line": 138, "column": 35 }
      },
      "138": {
        "start": { "line": 139, "column": 0 },
        "end": { "line": 139, "column": 31 }
      },
      "139": {
        "start": { "line": 140, "column": 0 },
        "end": { "line": 140, "column": 38 }
      },
      "140": {
        "start": { "line": 141, "column": 0 },
        "end": { "line": 141, "column": 10 }
      },
      "141": {
        "start": { "line": 142, "column": 0 },
        "end": { "line": 142, "column": 8 }
      },
      "142": {
        "start": { "line": 143, "column": 0 },
        "end": { "line": 143, "column": 21 }
      },
      "143": {
        "start": { "line": 144, "column": 0 },
        "end": { "line": 144, "column": 5 }
      },
      "144": {
        "start": { "line": 145, "column": 0 },
        "end": { "line": 145, "column": 0 }
      },
      "145": {
        "start": { "line": 146, "column": 0 },
        "end": { "line": 146, "column": 16 }
      },
      "146": {
        "start": { "line": 147, "column": 0 },
        "end": { "line": 147, "column": 8 }
      },
      "147": {
        "start": { "line": 148, "column": 0 },
        "end": { "line": 148, "column": 24 }
      },
      "148": {
        "start": { "line": 149, "column": 0 },
        "end": { "line": 149, "column": 27 }
      },
      "149": {
        "start": { "line": 150, "column": 0 },
        "end": { "line": 150, "column": 58 }
      },
      "150": {
        "start": { "line": 151, "column": 0 },
        "end": { "line": 151, "column": 7 }
      },
      "151": {
        "start": { "line": 152, "column": 0 },
        "end": { "line": 152, "column": 4 }
      },
      "152": {
        "start": { "line": 153, "column": 0 },
        "end": { "line": 153, "column": 2 }
      }
    },
    "s": {
      "0": 1,
      "1": 1,
      "2": 1,
      "3": 1,
      "4": 1,
      "5": 1,
      "6": 1,
      "7": 1,
      "8": 1,
      "9": 1,
      "10": 1,
      "11": 1,
      "12": 1,
      "13": 1,
      "14": 1,
      "15": 1,
      "16": 1,
      "17": 1,
      "18": 1,
      "19": 1,
      "20": 1,
      "21": 1,
      "22": 1,
      "23": 1,
      "24": 1,
      "25": 1,
      "26": 1,
      "27": 0,
      "28": 0,
      "29": 0,
      "30": 0,
      "31": 0,
      "32": 0,
      "33": 0,
      "34": 0,
      "35": 0,
      "36": 0,
      "37": 0,
      "38": 0,
      "39": 1,
      "40": 1,
      "41": 1,
      "42": 1,
      "43": 1,
      "44": 1,
      "45": 1,
      "46": 1,
      "47": 1,
      "48": 1,
      "49": 1,
      "50": 1,
      "51": 1,
      "52": 1,
      "53": 1,
      "54": 1,
      "55": 1,
      "56": 1,
      "57": 1,
      "58": 1,
      "59": 1,
      "60": 1,
      "61": 1,
      "62": 1,
      "63": 1,
      "64": 1,
      "65": 1,
      "66": 1,
      "67": 1,
      "68": 1,
      "69": 1,
      "70": 4,
      "71": 3,
      "72": 3,
      "73": 3,
      "74": 3,
      "75": 3,
      "76": 3,
      "77": 3,
      "78": 3,
      "79": 3,
      "80": 3,
      "81": 3,
      "82": 3,
      "83": 3,
      "84": 4,
      "85": 4,
      "86": 1,
      "87": 1,
      "88": 1,
      "89": 1,
      "90": 1,
      "91": 1,
      "92": 1,
      "93": 1,
      "94": 1,
      "95": 1,
      "96": 1,
      "97": 1,
      "98": 1,
      "99": 6,
      "100": 2,
      "101": 2,
      "102": 4,
      "103": 6,
      "104": 1,
      "105": 1,
      "106": 1,
      "107": 1,
      "108": 1,
      "109": 1,
      "110": 1,
      "111": 1,
      "112": 1,
      "113": 1,
      "114": 1,
      "115": 1,
      "116": 1,
      "117": 1,
      "118": 1,
      "119": 1,
      "120": 1,
      "121": 0,
      "122": 1,
      "123": 1,
      "124": 1,
      "125": 1,
      "126": 1,
      "127": 1,
      "128": 1,
      "129": 1,
      "130": 1,
      "131": 1,
      "132": 1,
      "133": 1,
      "134": 1,
      "135": 1,
      "136": 0,
      "137": 0,
      "138": 0,
      "139": 0,
      "140": 1,
      "141": 1,
      "142": 1,
      "143": 1,
      "144": 1,
      "145": 1,
      "146": 1,
      "147": 1,
      "148": 1,
      "149": 1,
      "150": 1,
      "151": 1,
      "152": 1
    },
    "branchMap": {
      "0": {
        "type": "branch",
        "line": 63,
        "loc": {
          "start": { "line": 63, "column": 2 },
          "end": { "line": 152, "column": 4 }
        },
        "locations": [
          {
            "start": { "line": 63, "column": 2 },
            "end": { "line": 152, "column": 4 }
          }
        ]
      },
      "1": {
        "type": "branch",
        "line": 70,
        "loc": {
          "start": { "line": 70, "column": 24 },
          "end": { "line": 86, "column": 5 }
        },
        "locations": [
          {
            "start": { "line": 70, "column": 24 },
            "end": { "line": 86, "column": 5 }
          }
        ]
      },
      "2": {
        "type": "branch",
        "line": 71,
        "loc": {
          "start": { "line": 71, "column": 23 },
          "end": { "line": 85, "column": 7 }
        },
        "locations": [
          {
            "start": { "line": 71, "column": 23 },
            "end": { "line": 85, "column": 7 }
          }
        ]
      },
      "3": {
        "type": "branch",
        "line": 73,
        "loc": {
          "start": { "line": 73, "column": 47 },
          "end": { "line": 73, "column": 60 }
        },
        "locations": [
          {
            "start": { "line": 73, "column": 47 },
            "end": { "line": 73, "column": 60 }
          }
        ]
      },
      "4": {
        "type": "branch",
        "line": 74,
        "loc": {
          "start": { "line": 74, "column": 42 },
          "end": { "line": 74, "column": 56 }
        },
        "locations": [
          {
            "start": { "line": 74, "column": 42 },
            "end": { "line": 74, "column": 56 }
          }
        ]
      },
      "5": {
        "type": "branch",
        "line": 78,
        "loc": {
          "start": { "line": 78, "column": 21 },
          "end": { "line": 78, "column": 36 }
        },
        "locations": [
          {
            "start": { "line": 78, "column": 21 },
            "end": { "line": 78, "column": 36 }
          }
        ]
      },
      "6": {
        "type": "branch",
        "line": 83,
        "loc": {
          "start": { "line": 83, "column": 21 },
          "end": { "line": 83, "column": 37 }
        },
        "locations": [
          {
            "start": { "line": 83, "column": 21 },
            "end": { "line": 83, "column": 37 }
          }
        ]
      },
      "7": {
        "type": "branch",
        "line": 99,
        "loc": {
          "start": { "line": 99, "column": 6 },
          "end": { "line": 104, "column": 8 }
        },
        "locations": [
          {
            "start": { "line": 99, "column": 6 },
            "end": { "line": 104, "column": 8 }
          }
        ]
      },
      "8": {
        "type": "branch",
        "line": 100,
        "loc": {
          "start": { "line": 100, "column": 27 },
          "end": { "line": 102, "column": 9 }
        },
        "locations": [
          {
            "start": { "line": 100, "column": 27 },
            "end": { "line": 102, "column": 9 }
          }
        ]
      },
      "9": {
        "type": "branch",
        "line": 102,
        "loc": {
          "start": { "line": 102, "column": 8 },
          "end": { "line": 103, "column": 47 }
        },
        "locations": [
          {
            "start": { "line": 102, "column": 8 },
            "end": { "line": 103, "column": 47 }
          }
        ]
      },
      "10": {
        "type": "branch",
        "line": 107,
        "loc": {
          "start": { "line": 107, "column": 14 },
          "end": { "line": 130, "column": 5 }
        },
        "locations": [
          {
            "start": { "line": 107, "column": 14 },
            "end": { "line": 130, "column": 5 }
          }
        ]
      },
      "11": {
        "type": "branch",
        "line": 109,
        "loc": {
          "start": { "line": 109, "column": 12 },
          "end": { "line": 109, "column": 28 }
        },
        "locations": [
          {
            "start": { "line": 109, "column": 12 },
            "end": { "line": 109, "column": 28 }
          }
        ]
      },
      "12": {
        "type": "branch",
        "line": 111,
        "loc": {
          "start": { "line": 111, "column": 28 },
          "end": { "line": 116, "column": 7 }
        },
        "locations": [
          {
            "start": { "line": 111, "column": 28 },
            "end": { "line": 116, "column": 7 }
          }
        ]
      },
      "13": {
        "type": "branch",
        "line": 112,
        "loc": {
          "start": { "line": 112, "column": 62 },
          "end": { "line": 112, "column": 76 }
        },
        "locations": [
          {
            "start": { "line": 112, "column": 62 },
            "end": { "line": 112, "column": 76 }
          }
        ]
      },
      "14": {
        "type": "branch",
        "line": 113,
        "loc": {
          "start": { "line": 113, "column": 49 },
          "end": { "line": 113, "column": 63 }
        },
        "locations": [
          {
            "start": { "line": 113, "column": 49 },
            "end": { "line": 113, "column": 63 }
          }
        ]
      },
      "15": {
        "type": "branch",
        "line": 118,
        "loc": {
          "start": { "line": 118, "column": 28 },
          "end": { "line": 127, "column": 7 }
        },
        "locations": [
          {
            "start": { "line": 118, "column": 28 },
            "end": { "line": 127, "column": 7 }
          }
        ]
      },
      "16": {
        "type": "branch",
        "line": 119,
        "loc": {
          "start": { "line": 119, "column": 39 },
          "end": { "line": 126, "column": 9 }
        },
        "locations": [
          {
            "start": { "line": 119, "column": 39 },
            "end": { "line": 126, "column": 9 }
          }
        ]
      },
      "17": {
        "type": "branch",
        "line": 121,
        "loc": {
          "start": { "line": 121, "column": 35 },
          "end": { "line": 122, "column": 29 }
        },
        "locations": [
          {
            "start": { "line": 121, "column": 35 },
            "end": { "line": 122, "column": 29 }
          }
        ]
      },
      "18": {
        "type": "branch",
        "line": 134,
        "loc": {
          "start": { "line": 134, "column": 6 },
          "end": { "line": 134, "column": 21 }
        },
        "locations": [
          {
            "start": { "line": 134, "column": 6 },
            "end": { "line": 134, "column": 21 }
          }
        ]
      },
      "19": {
        "type": "branch",
        "line": 135,
        "loc": {
          "start": { "line": 135, "column": 6 },
          "end": { "line": 142, "column": 8 }
        },
        "locations": [
          {
            "start": { "line": 135, "column": 6 },
            "end": { "line": 142, "column": 8 }
          }
        ]
      },
      "20": {
        "type": "branch",
        "line": 146,
        "loc": {
          "start": { "line": 146, "column": 11 },
          "end": { "line": 151, "column": 7 }
        },
        "locations": [
          {
            "start": { "line": 146, "column": 11 },
            "end": { "line": 151, "column": 7 }
          }
        ]
      },
      "21": {
        "type": "branch",
        "line": 150,
        "loc": {
          "start": { "line": 150, "column": 19 },
          "end": { "line": 150, "column": 56 }
        },
        "locations": [
          {
            "start": { "line": 150, "column": 19 },
            "end": { "line": 150, "column": 56 }
          }
        ]
      }
    },
    "b": {
      "0": [1],
      "1": [4],
      "2": [3],
      "3": [0],
      "4": [2],
      "5": [1],
      "6": [1],
      "7": [6],
      "8": [2],
      "9": [4],
      "10": [1],
      "11": [0],
      "12": [1],
      "13": [0],
      "14": [0],
      "15": [1],
      "16": [1],
      "17": [0],
      "18": [2],
      "19": [1],
      "20": [1],
      "21": [2]
    },
    "fnMap": {
      "0": {
        "name": "setup",
        "decl": {
          "start": { "line": 27, "column": 2 },
          "end": { "line": 39, "column": 4 }
        },
        "loc": {
          "start": { "line": 27, "column": 2 },
          "end": { "line": 39, "column": 4 }
        },
        "line": 27
      },
      "1": {
        "name": "setup",
        "decl": {
          "start": { "line": 63, "column": 2 },
          "end": { "line": 152, "column": 4 }
        },
        "loc": {
          "start": { "line": 63, "column": 2 },
          "end": { "line": 152, "column": 4 }
        },
        "line": 63
      },
      "2": {
        "name": "renderItems",
        "decl": {
          "start": { "line": 70, "column": 24 },
          "end": { "line": 86, "column": 5 }
        },
        "loc": {
          "start": { "line": 70, "column": 24 },
          "end": { "line": 86, "column": 5 }
        },
        "line": 70
      },
      "3": {
        "name": "default",
        "decl": {
          "start": { "line": 78, "column": 21 },
          "end": { "line": 78, "column": 36 }
        },
        "loc": {
          "start": { "line": 78, "column": 21 },
          "end": { "line": 78, "column": 36 }
        },
        "line": 78
      },
      "4": {
        "name": "default",
        "decl": {
          "start": { "line": 83, "column": 21 },
          "end": { "line": 83, "column": 37 }
        },
        "loc": {
          "start": { "line": 83, "column": 21 },
          "end": { "line": 83, "column": 37 }
        },
        "line": 83
      },
      "5": {
        "name": "get",
        "decl": {
          "start": { "line": 99, "column": 6 },
          "end": { "line": 104, "column": 8 }
        },
        "loc": {
          "start": { "line": 99, "column": 6 },
          "end": { "line": 104, "column": 8 }
        },
        "line": 99
      },
      "6": {
        "name": "templateReady",
        "decl": {
          "start": { "line": 111, "column": 28 },
          "end": { "line": 116, "column": 7 }
        },
        "loc": {
          "start": { "line": 111, "column": 28 },
          "end": { "line": 116, "column": 7 }
        },
        "line": 111
      },
      "7": {
        "name": "fetchTemplate",
        "decl": {
          "start": { "line": 118, "column": 28 },
          "end": { "line": 127, "column": 7 }
        },
        "loc": {
          "start": { "line": 118, "column": 28 },
          "end": { "line": 127, "column": 7 }
        },
        "line": 118
      },
      "8": {
        "name": "__vite_ssr_import_1__.watch.deep",
        "decl": {
          "start": { "line": 135, "column": 6 },
          "end": { "line": 142, "column": 8 }
        },
        "loc": {
          "start": { "line": 135, "column": 6 },
          "end": { "line": 142, "column": 8 }
        },
        "line": 135
      },
      "9": {
        "name": "default",
        "decl": {
          "start": { "line": 150, "column": 19 },
          "end": { "line": 150, "column": 56 }
        },
        "loc": {
          "start": { "line": 150, "column": 19 },
          "end": { "line": 150, "column": 56 }
        },
        "line": 150
      }
    },
    "f": {
      "0": 0,
      "1": 1,
      "2": 4,
      "3": 1,
      "4": 1,
      "5": 6,
      "6": 1,
      "7": 1,
      "8": 1,
      "9": 2
    }
  },
  "/home/hayden/code/hayden/seal/packages/vue/src/hooks.ts": {
    "path": "/home/hayden/code/hayden/seal/packages/vue/src/hooks.ts",
    "all": false,
    "statementMap": {
      "0": {
        "start": { "line": 1, "column": 0 },
        "end": { "line": 1, "column": 8 }
      },
      "1": {
        "start": { "line": 2, "column": 0 },
        "end": { "line": 2, "column": 20 }
      },
      "2": {
        "start": { "line": 3, "column": 0 },
        "end": { "line": 3, "column": 23 }
      },
      "3": {
        "start": { "line": 4, "column": 0 },
        "end": { "line": 4, "column": 20 }
      },
      "4": {
        "start": { "line": 5, "column": 0 },
        "end": { "line": 5, "column": 17 }
      },
      "5": {
        "start": { "line": 6, "column": 0 },
        "end": { "line": 6, "column": 23 }
      },
      "6": {
        "start": { "line": 7, "column": 0 },
        "end": { "line": 7, "column": 21 }
      },
      "7": {
        "start": { "line": 8, "column": 0 },
        "end": { "line": 8, "column": 21 }
      },
      "8": {
        "start": { "line": 9, "column": 0 },
        "end": { "line": 9, "column": 37 }
      },
      "9": {
        "start": { "line": 10, "column": 0 },
        "end": { "line": 10, "column": 8 }
      },
      "10": {
        "start": { "line": 11, "column": 0 },
        "end": { "line": 11, "column": 18 }
      },
      "11": {
        "start": { "line": 12, "column": 0 },
        "end": { "line": 12, "column": 9 }
      },
      "12": {
        "start": { "line": 13, "column": 0 },
        "end": { "line": 13, "column": 18 }
      },
      "13": {
        "start": { "line": 14, "column": 0 },
        "end": { "line": 14, "column": 12 }
      },
      "14": {
        "start": { "line": 15, "column": 0 },
        "end": { "line": 15, "column": 10 }
      },
      "15": {
        "start": { "line": 16, "column": 0 },
        "end": { "line": 16, "column": 6 }
      },
      "16": {
        "start": { "line": 17, "column": 0 },
        "end": { "line": 17, "column": 16 }
      },
      "17": {
        "start": { "line": 18, "column": 0 },
        "end": { "line": 18, "column": 12 }
      },
      "18": {
        "start": { "line": 19, "column": 0 },
        "end": { "line": 19, "column": 0 }
      },
      "19": {
        "start": { "line": 20, "column": 0 },
        "end": { "line": 20, "column": 33 }
      },
      "20": {
        "start": { "line": 21, "column": 0 },
        "end": { "line": 21, "column": 48 }
      },
      "21": {
        "start": { "line": 22, "column": 0 },
        "end": { "line": 22, "column": 26 }
      },
      "22": {
        "start": { "line": 23, "column": 0 },
        "end": { "line": 23, "column": 79 }
      },
      "23": {
        "start": { "line": 24, "column": 0 },
        "end": { "line": 24, "column": 27 }
      },
      "24": {
        "start": { "line": 25, "column": 0 },
        "end": { "line": 25, "column": 37 }
      },
      "25": {
        "start": { "line": 26, "column": 0 },
        "end": { "line": 26, "column": 42 }
      },
      "26": {
        "start": { "line": 27, "column": 0 },
        "end": { "line": 27, "column": 4 }
      },
      "27": {
        "start": { "line": 28, "column": 0 },
        "end": { "line": 28, "column": 2 }
      },
      "28": {
        "start": { "line": 29, "column": 0 },
        "end": { "line": 29, "column": 33 }
      },
      "29": {
        "start": { "line": 30, "column": 0 },
        "end": { "line": 30, "column": 50 }
      },
      "30": {
        "start": { "line": 31, "column": 0 },
        "end": { "line": 31, "column": 8 }
      },
      "31": {
        "start": { "line": 32, "column": 0 },
        "end": { "line": 32, "column": 52 }
      },
      "32": {
        "start": { "line": 33, "column": 0 },
        "end": { "line": 33, "column": 16 }
      },
      "33": {
        "start": { "line": 34, "column": 0 },
        "end": { "line": 34, "column": 24 }
      },
      "34": {
        "start": { "line": 35, "column": 0 },
        "end": { "line": 35, "column": 3 }
      },
      "35": {
        "start": { "line": 36, "column": 0 },
        "end": { "line": 36, "column": 1 }
      },
      "36": {
        "start": { "line": 37, "column": 0 },
        "end": { "line": 37, "column": 0 }
      },
      "37": {
        "start": { "line": 38, "column": 0 },
        "end": { "line": 38, "column": 37 }
      },
      "38": {
        "start": { "line": 39, "column": 0 },
        "end": { "line": 39, "column": 45 }
      },
      "39": {
        "start": { "line": 40, "column": 0 },
        "end": { "line": 40, "column": 23 }
      },
      "40": {
        "start": { "line": 41, "column": 0 },
        "end": { "line": 41, "column": 52 }
      },
      "41": {
        "start": { "line": 42, "column": 0 },
        "end": { "line": 42, "column": 27 }
      },
      "42": {
        "start": { "line": 43, "column": 0 },
        "end": { "line": 43, "column": 37 }
      },
      "43": {
        "start": { "line": 44, "column": 0 },
        "end": { "line": 44, "column": 42 }
      },
      "44": {
        "start": { "line": 45, "column": 0 },
        "end": { "line": 45, "column": 4 }
      },
      "45": {
        "start": { "line": 46, "column": 0 },
        "end": { "line": 46, "column": 2 }
      },
      "46": {
        "start": { "line": 47, "column": 0 },
        "end": { "line": 47, "column": 37 }
      },
      "47": {
        "start": { "line": 48, "column": 0 },
        "end": { "line": 48, "column": 43 }
      },
      "48": {
        "start": { "line": 49, "column": 0 },
        "end": { "line": 49, "column": 1 }
      },
      "49": {
        "start": { "line": 50, "column": 0 },
        "end": { "line": 50, "column": 0 }
      },
      "50": {
        "start": { "line": 51, "column": 0 },
        "end": { "line": 51, "column": 30 }
      },
      "51": {
        "start": { "line": 52, "column": 0 },
        "end": { "line": 52, "column": 50 }
      },
      "52": {
        "start": { "line": 53, "column": 0 },
        "end": { "line": 53, "column": 56 }
      },
      "53": {
        "start": { "line": 54, "column": 0 },
        "end": { "line": 54, "column": 2 }
      },
      "54": {
        "start": { "line": 55, "column": 0 },
        "end": { "line": 55, "column": 43 }
      },
      "55": {
        "start": { "line": 56, "column": 0 },
        "end": { "line": 56, "column": 63 }
      },
      "56": {
        "start": { "line": 57, "column": 0 },
        "end": { "line": 57, "column": 41 }
      },
      "57": {
        "start": { "line": 58, "column": 0 },
        "end": { "line": 58, "column": 31 }
      },
      "58": {
        "start": { "line": 59, "column": 0 },
        "end": { "line": 59, "column": 0 }
      },
      "59": {
        "start": { "line": 60, "column": 0 },
        "end": { "line": 60, "column": 64 }
      },
      "60": {
        "start": { "line": 61, "column": 0 },
        "end": { "line": 61, "column": 0 }
      },
      "61": {
        "start": { "line": 62, "column": 0 },
        "end": { "line": 62, "column": 36 }
      },
      "62": {
        "start": { "line": 63, "column": 0 },
        "end": { "line": 63, "column": 67 }
      },
      "63": {
        "start": { "line": 64, "column": 0 },
        "end": { "line": 64, "column": 0 }
      },
      "64": {
        "start": { "line": 65, "column": 0 },
        "end": { "line": 65, "column": 72 }
      },
      "65": {
        "start": { "line": 66, "column": 0 },
        "end": { "line": 66, "column": 0 }
      },
      "66": {
        "start": { "line": 67, "column": 0 },
        "end": { "line": 67, "column": 19 }
      },
      "67": {
        "start": { "line": 68, "column": 0 },
        "end": { "line": 68, "column": 19 }
      },
      "68": {
        "start": { "line": 69, "column": 0 },
        "end": { "line": 69, "column": 37 }
      },
      "69": {
        "start": { "line": 70, "column": 0 },
        "end": { "line": 70, "column": 15 }
      },
      "70": {
        "start": { "line": 71, "column": 0 },
        "end": { "line": 71, "column": 76 }
      },
      "71": {
        "start": { "line": 72, "column": 0 },
        "end": { "line": 72, "column": 29 }
      },
      "72": {
        "start": { "line": 73, "column": 0 },
        "end": { "line": 73, "column": 5 }
      },
      "73": {
        "start": { "line": 74, "column": 0 },
        "end": { "line": 74, "column": 58 }
      },
      "74": {
        "start": { "line": 75, "column": 0 },
        "end": { "line": 75, "column": 15 }
      },
      "75": {
        "start": { "line": 76, "column": 0 },
        "end": { "line": 76, "column": 59 }
      },
      "76": {
        "start": { "line": 77, "column": 0 },
        "end": { "line": 77, "column": 28 }
      },
      "77": {
        "start": { "line": 78, "column": 0 },
        "end": { "line": 78, "column": 7 }
      },
      "78": {
        "start": { "line": 79, "column": 0 },
        "end": { "line": 79, "column": 23 }
      },
      "79": {
        "start": { "line": 80, "column": 0 },
        "end": { "line": 80, "column": 38 }
      },
      "80": {
        "start": { "line": 81, "column": 0 },
        "end": { "line": 81, "column": 5 }
      },
      "81": {
        "start": { "line": 82, "column": 0 },
        "end": { "line": 82, "column": 16 }
      },
      "82": {
        "start": { "line": 83, "column": 0 },
        "end": { "line": 83, "column": 39 }
      },
      "83": {
        "start": { "line": 84, "column": 0 },
        "end": { "line": 84, "column": 38 }
      },
      "84": {
        "start": { "line": 85, "column": 0 },
        "end": { "line": 85, "column": 4 }
      },
      "85": {
        "start": { "line": 86, "column": 0 },
        "end": { "line": 86, "column": 0 }
      },
      "86": {
        "start": { "line": 87, "column": 0 },
        "end": { "line": 87, "column": 25 }
      },
      "87": {
        "start": { "line": 88, "column": 0 },
        "end": { "line": 88, "column": 36 }
      },
      "88": {
        "start": { "line": 89, "column": 0 },
        "end": { "line": 89, "column": 37 }
      },
      "89": {
        "start": { "line": 90, "column": 0 },
        "end": { "line": 90, "column": 37 }
      },
      "90": {
        "start": { "line": 91, "column": 0 },
        "end": { "line": 91, "column": 69 }
      },
      "91": {
        "start": { "line": 92, "column": 0 },
        "end": { "line": 92, "column": 5 }
      },
      "92": {
        "start": { "line": 93, "column": 0 },
        "end": { "line": 93, "column": 25 }
      },
      "93": {
        "start": { "line": 94, "column": 0 },
        "end": { "line": 94, "column": 32 }
      },
      "94": {
        "start": { "line": 95, "column": 0 },
        "end": { "line": 95, "column": 26 }
      },
      "95": {
        "start": { "line": 96, "column": 0 },
        "end": { "line": 96, "column": 15 }
      },
      "96": {
        "start": { "line": 97, "column": 0 },
        "end": { "line": 97, "column": 17 }
      },
      "97": {
        "start": { "line": 98, "column": 0 },
        "end": { "line": 98, "column": 4 }
      },
      "98": {
        "start": { "line": 99, "column": 0 },
        "end": { "line": 99, "column": 0 }
      },
      "99": {
        "start": { "line": 100, "column": 0 },
        "end": { "line": 100, "column": 15 }
      },
      "100": {
        "start": { "line": 101, "column": 0 },
        "end": { "line": 101, "column": 1 }
      }
    },
    "s": {
      "0": 1,
      "1": 1,
      "2": 1,
      "3": 1,
      "4": 1,
      "5": 1,
      "6": 1,
      "7": 1,
      "8": 1,
      "9": 1,
      "10": 1,
      "11": 1,
      "12": 1,
      "13": 1,
      "14": 1,
      "15": 1,
      "16": 1,
      "17": 1,
      "18": 1,
      "19": 1,
      "20": 1,
      "21": 1,
      "22": 1,
      "23": 1,
      "24": 1,
      "25": 1,
      "26": 1,
      "27": 1,
      "28": 1,
      "29": 1,
      "30": 1,
      "31": 1,
      "32": 1,
      "33": 1,
      "34": 1,
      "35": 1,
      "36": 1,
      "37": 1,
      "38": 1,
      "39": 1,
      "40": 1,
      "41": 1,
      "42": 1,
      "43": 1,
      "44": 1,
      "45": 1,
      "46": 1,
      "47": 1,
      "48": 1,
      "49": 1,
      "50": 1,
      "51": 1,
      "52": 1,
      "53": 1,
      "54": 1,
      "55": 1,
      "56": 1,
      "57": 1,
      "58": 1,
      "59": 1,
      "60": 1,
      "61": 1,
      "62": 1,
      "63": 1,
      "64": 1,
      "65": 1,
      "66": 1,
      "67": 0,
      "68": 0,
      "69": 0,
      "70": 0,
      "71": 0,
      "72": 0,
      "73": 0,
      "74": 0,
      "75": 0,
      "76": 0,
      "77": 0,
      "78": 0,
      "79": 0,
      "80": 0,
      "81": 0,
      "82": 0,
      "83": 0,
      "84": 1,
      "85": 1,
      "86": 1,
      "87": 0,
      "88": 0,
      "89": 0,
      "90": 0,
      "91": 0,
      "92": 0,
      "93": 0,
      "94": 0,
      "95": 0,
      "96": 0,
      "97": 1,
      "98": 1,
      "99": 1,
      "100": 1
    },
    "branchMap": {
      "0": {
        "type": "branch",
        "line": 24,
        "loc": {
          "start": { "line": 24, "column": 2 },
          "end": { "line": 27, "column": 4 }
        },
        "locations": [
          {
            "start": { "line": 24, "column": 2 },
            "end": { "line": 27, "column": 4 }
          }
        ]
      },
      "1": {
        "type": "branch",
        "line": 26,
        "loc": {
          "start": { "line": 26, "column": 11 },
          "end": { "line": 26, "column": 42 }
        },
        "locations": [
          {
            "start": { "line": 26, "column": 11 },
            "end": { "line": 26, "column": 42 }
          }
        ]
      },
      "2": {
        "type": "branch",
        "line": 26,
        "loc": {
          "start": { "line": 26, "column": 33 },
          "end": { "line": 26, "column": 42 }
        },
        "locations": [
          {
            "start": { "line": 26, "column": 33 },
            "end": { "line": 26, "column": 42 }
          }
        ]
      },
      "3": {
        "type": "branch",
        "line": 29,
        "loc": {
          "start": { "line": 29, "column": 32 },
          "end": { "line": 36, "column": 1 }
        },
        "locations": [
          {
            "start": { "line": 29, "column": 32 },
            "end": { "line": 36, "column": 1 }
          }
        ]
      },
      "4": {
        "type": "branch",
        "line": 42,
        "loc": {
          "start": { "line": 42, "column": 2 },
          "end": { "line": 45, "column": 4 }
        },
        "locations": [
          {
            "start": { "line": 42, "column": 2 },
            "end": { "line": 45, "column": 4 }
          }
        ]
      },
      "5": {
        "type": "branch",
        "line": 44,
        "loc": {
          "start": { "line": 44, "column": 11 },
          "end": { "line": 44, "column": 42 }
        },
        "locations": [
          {
            "start": { "line": 44, "column": 11 },
            "end": { "line": 44, "column": 42 }
          }
        ]
      },
      "6": {
        "type": "branch",
        "line": 44,
        "loc": {
          "start": { "line": 44, "column": 33 },
          "end": { "line": 44, "column": 42 }
        },
        "locations": [
          {
            "start": { "line": 44, "column": 33 },
            "end": { "line": 44, "column": 42 }
          }
        ]
      },
      "7": {
        "type": "branch",
        "line": 47,
        "loc": {
          "start": { "line": 47, "column": 30 },
          "end": { "line": 49, "column": 1 }
        },
        "locations": [
          {
            "start": { "line": 47, "column": 30 },
            "end": { "line": 49, "column": 1 }
          }
        ]
      },
      "8": {
        "type": "branch",
        "line": 51,
        "loc": {
          "start": { "line": 51, "column": 7 },
          "end": { "line": 101, "column": 1 }
        },
        "locations": [
          {
            "start": { "line": 51, "column": 7 },
            "end": { "line": 101, "column": 1 }
          }
        ]
      }
    },
    "b": {
      "0": [1],
      "1": [2],
      "2": [0],
      "3": [1],
      "4": [1],
      "5": [1],
      "6": [0],
      "7": [1],
      "8": [1]
    },
    "fnMap": {
      "0": {
        "name": "setup",
        "decl": {
          "start": { "line": 24, "column": 2 },
          "end": { "line": 27, "column": 4 }
        },
        "loc": {
          "start": { "line": 24, "column": 2 },
          "end": { "line": 27, "column": 4 }
        },
        "line": 24
      },
      "1": {
        "name": "useActionContext",
        "decl": {
          "start": { "line": 29, "column": 32 },
          "end": { "line": 36, "column": 1 }
        },
        "loc": {
          "start": { "line": 29, "column": 32 },
          "end": { "line": 36, "column": 1 }
        },
        "line": 29
      },
      "2": {
        "name": "setup",
        "decl": {
          "start": { "line": 42, "column": 2 },
          "end": { "line": 45, "column": 4 }
        },
        "loc": {
          "start": { "line": 42, "column": 2 },
          "end": { "line": 45, "column": 4 }
        },
        "line": 42
      },
      "3": {
        "name": "useMetaContext",
        "decl": {
          "start": { "line": 47, "column": 30 },
          "end": { "line": 49, "column": 1 }
        },
        "loc": {
          "start": { "line": 47, "column": 30 },
          "end": { "line": 49, "column": 1 }
        },
        "line": 47
      },
      "4": {
        "name": "useSealAction",
        "decl": {
          "start": { "line": 51, "column": 7 },
          "end": { "line": 101, "column": 1 }
        },
        "loc": {
          "start": { "line": 51, "column": 7 },
          "end": { "line": 101, "column": 1 }
        },
        "line": 51
      }
    },
    "f": { "0": 1, "1": 1, "2": 1, "3": 1, "4": 1 }
  },
  "/home/hayden/code/hayden/seal/packages/vue/src/index.ts": {
    "path": "/home/hayden/code/hayden/seal/packages/vue/src/index.ts",
    "all": false,
    "statementMap": {
      "0": {
        "start": { "line": 1, "column": 0 },
        "end": { "line": 1, "column": 8 }
      },
      "1": {
        "start": { "line": 2, "column": 0 },
        "end": { "line": 2, "column": 20 }
      },
      "2": {
        "start": { "line": 3, "column": 0 },
        "end": { "line": 3, "column": 18 }
      },
      "3": {
        "start": { "line": 4, "column": 0 },
        "end": { "line": 4, "column": 37 }
      },
      "4": {
        "start": { "line": 5, "column": 0 },
        "end": { "line": 5, "column": 13 }
      },
      "5": {
        "start": { "line": 6, "column": 0 },
        "end": { "line": 6, "column": 16 }
      },
      "6": {
        "start": { "line": 7, "column": 0 },
        "end": { "line": 7, "column": 19 }
      },
      "7": {
        "start": { "line": 8, "column": 0 },
        "end": { "line": 8, "column": 18 }
      },
      "8": {
        "start": { "line": 9, "column": 0 },
        "end": { "line": 9, "column": 16 }
      },
      "9": {
        "start": { "line": 10, "column": 0 },
        "end": { "line": 10, "column": 11 }
      },
      "10": {
        "start": { "line": 11, "column": 0 },
        "end": { "line": 11, "column": 37 }
      },
      "11": {
        "start": { "line": 12, "column": 0 },
        "end": { "line": 12, "column": 43 }
      },
      "12": {
        "start": { "line": 13, "column": 0 },
        "end": { "line": 13, "column": 39 }
      }
    },
    "s": {
      "0": 1,
      "1": 1,
      "2": 1,
      "3": 1,
      "4": 1,
      "5": 1,
      "6": 1,
      "7": 1,
      "8": 1,
      "9": 1,
      "10": 1,
      "11": 1,
      "12": 1
    },
    "branchMap": {},
    "b": {},
    "fnMap": {},
    "f": {}
  }
}
